test_loss: 0.558, test_acc: 0.866
hyper-parameters: Namespace(max_length=256, test_size=0.25, min_freq=5, batch_size=256, embedding_dim=300, n_filters=100, filter_sizes=[3, 5, 7], dropout_rate=0.3, n_epochs=40, device='cuda:1')
metrics: defaultdict(<class 'list'>, {'train_losses': [np.float64(0.6978469394348763), np.float64(0.5273757435985513), np.float64(0.4436112291909553), np.float64(0.3949744604729317), np.float64(0.35607644955854156), np.float64(0.3217901768716606), np.float64(0.29133886320365443), np.float64(0.2641754583329768), np.float64(0.23357270798973134), np.float64(0.20267847542827194), np.float64(0.18698230909334645), np.float64(0.16124943512919787), np.float64(0.13680126024661837), np.float64(0.12012941702394872), np.float64(0.10609095176128117), np.float64(0.09384431252004327), np.float64(0.0798912195841203), np.float64(0.07328139824440351), np.float64(0.06398618004813388), np.float64(0.05294832426148492), np.float64(0.05232534326008848), np.float64(0.04758435376995319), np.float64(0.04229685033646387), np.float64(0.034919924543214007), np.float64(0.03167660974872273), np.float64(0.033633594791329394), np.float64(0.029387295623687474), np.float64(0.026887037552188377), np.float64(0.026048049764909053), np.float64(0.02382325515075511), np.float64(0.0247766336400968), np.float64(0.02280776560105182), np.float64(0.021755268929425527), np.float64(0.022844490003646224), np.float64(0.02085788327747503), np.float64(0.021652589591433975), np.float64(0.017890892375411617), np.float64(0.016364165308029466), np.float64(0.016957846193297488), np.float64(0.017026740566802187)], 'train_accs': [np.float64(0.6129338757411854), np.float64(0.7341485257084305), np.float64(0.7923199784111332), np.float64(0.8182572061951096), np.float64(0.8430944173722654), np.float64(0.8587057944890615), np.float64(0.8722737979244541), np.float64(0.8885850310325623), np.float64(0.9054769229244541), np.float64(0.9172280269700128), np.float64(0.9236152735916344), np.float64(0.9353544567082379), np.float64(0.9456479533298595), np.float64(0.9535336744140934), np.float64(0.9590627035579166), np.float64(0.9643550426573366), np.float64(0.9702672048194988), np.float64(0.9727805546812109), np.float64(0.9745889410779283), np.float64(0.9812537455880964), np.float64(0.9815040593211716), np.float64(0.9828765255373877), np.float64(0.9846389358108109), np.float64(0.9880173141891891), np.float64(0.9897065033783784), np.float64(0.988214839954634), np.float64(0.9907094594594594), np.float64(0.9910789695945946), np.float64(0.9912901182432432), np.float64(0.9927153716216216), np.float64(0.9909733952702703), np.float64(0.9912305192367451), np.float64(0.9928209459459459), np.float64(0.9915012668918919), np.float64(0.9929793074324325), np.float64(0.9929793074324325), np.float64(0.9937711148648649), np.float64(0.9943517736486487), np.float64(0.9936127533783784), np.float64(0.9937183277027027)], 'valid_losses': [np.float64(0.48008148789405825), np.float64(0.44569358348846433), np.float64(0.38322813391685484), np.float64(0.3564068055152893), np.float64(0.34313885688781737), np.float64(0.33287022113800047), np.float64(0.3255815839767456), np.float64(0.32257338166236876), np.float64(0.32057273626327515), np.float64(0.358452684879303), np.float64(0.3178853535652161), np.float64(0.3428503143787384), np.float64(0.333895348906517), np.float64(0.33807252407073973), np.float64(0.3458514642715454), np.float64(0.36455553889274595), np.float64(0.36274325489997866), np.float64(0.37536257147789004), np.float64(0.37990183353424073), np.float64(0.3900366234779358), np.float64(0.39822266817092894), np.float64(0.3947737944126129), np.float64(0.4072467470169067), np.float64(0.4094599390029907), np.float64(0.42750784397125247), np.float64(0.4285822284221649), np.float64(0.44383503794670104), np.float64(0.4424556410312653), np.float64(0.46431718349456785), np.float64(0.45840768814086913), np.float64(0.45142496943473814), np.float64(0.4984860348701477), np.float64(0.4586089265346527), np.float64(0.47156870245933535), np.float64(0.48878361940383913), np.float64(0.49941069483757017), np.float64(0.5339589512348175), np.float64(0.5020899200439453), np.float64(0.5121752893924714), np.float64(0.5176857662200928)], 'valid_accs': [np.float64(0.7709433960914612), np.float64(0.79038325548172), np.float64(0.8260849070549011), np.float64(0.8416715812683105), np.float64(0.8498614382743835), np.float64(0.8563974070549011), np.float64(0.8611497640609741), np.float64(0.8643396234512329), np.float64(0.8662794828414917), np.float64(0.8482075476646423), np.float64(0.8738443398475647), np.float64(0.8606544828414917), np.float64(0.8718130898475647), np.float64(0.8712529492378235), np.float64(0.8677771234512329), np.float64(0.8672818398475647), np.float64(0.8706544828414917), np.float64(0.8707193398475647), np.float64(0.8725943398475647), np.float64(0.8738443398475647), np.float64(0.8728154492378235), np.float64(0.8750678062438965), np.float64(0.8745341992378235), np.float64(0.8729451656341553), np.float64(0.8717865562438964), np.float64(0.8754068398475647), np.float64(0.8727505898475647), np.float64(0.8746904492378235), np.float64(0.8722818398475647), np.float64(0.8761880898475647), np.float64(0.8782193398475647), np.float64(0.8694693398475647), np.float64(0.8775029492378235), np.float64(0.8734021234512329), np.float64(0.8727505898475647), np.float64(0.8740919828414917), np.float64(0.8698732328414917), np.float64(0.8739091992378235), np.float64(0.8754186320304871), np.float64(0.8750678062438965)]})
vocab: Vocab()
model: CNN(
  (embedding): Embedding(21556, 300, padding_idx=1)
  (convs): ModuleList(
    (0): Conv1d(300, 100, kernel_size=(3,), stride=(1,))
    (1): Conv1d(300, 100, kernel_size=(5,), stride=(1,))
    (2): Conv1d(300, 100, kernel_size=(7,), stride=(1,))
  )
  (fc): Linear(in_features=300, out_features=2, bias=True)
  (dropout): Dropout(p=0.3, inplace=False)
)
optimizer: Adam (
Parameter Group 0
    amsgrad: False
    betas: (0.9, 0.999)
    capturable: False
    differentiable: False
    eps: 1e-08
    foreach: None
    fused: None
    lr: 0.001
    maximize: False
    weight_decay: 0
)
criterion: CrossEntropyLoss()
device: cuda:1
special_tokens: ['<unk>', '<pad>']
unk_index: 0
pad_index: 1
vocab_size: 21556
output_dim: 2
