test_loss: 0.400, test_acc: 0.865
hyper-parameters: Namespace(max_length=256, test_size=0.25, min_freq=5, batch_size=256, embedding_dim=300, n_filters=100, filter_sizes=[3, 5, 7], dropout_rate=0.3, n_epochs=40, device='cuda:1')
metrics: defaultdict(<class 'list'>, {'train_losses': [np.float64(0.692474472361642), np.float64(0.6889697490511714), np.float64(0.693460907485034), np.float64(0.6932957478471704), np.float64(0.6926711121120969), np.float64(0.6927397460550875), np.float64(0.6906497889273876), np.float64(0.6749214272241335), np.float64(0.669616923138902), np.float64(0.6496774328721536), np.float64(0.6934964680993879), np.float64(0.693236385648315), np.float64(0.6925803737060444), np.float64(0.6858686957810376), np.float64(0.639873729364292), np.float64(0.5561211942820936), np.float64(0.49343390883626165), np.float64(0.4290557185540328), np.float64(0.40140937389554204), np.float64(0.38285302129146215), np.float64(0.3745901802101651), np.float64(0.32324285905908895), np.float64(0.29053964264489507), np.float64(0.27179637249257116), np.float64(0.25651463181585876), np.float64(0.24678215807354129), np.float64(0.23039403839691266), np.float64(0.22351058693350973), np.float64(0.20619261788355336), np.float64(0.19608587499808622), np.float64(0.20464492639577067), np.float64(0.19107716661450025), np.float64(0.16470338796844353), np.float64(0.16077267962533073), np.float64(0.15851593682089368), np.float64(0.1526076432216812), np.float64(0.13732406869530678), np.float64(0.13544582052005305), np.float64(0.11848713553233726), np.float64(0.11979571442950417)], 'train_accs': [np.float64(0.5115024930722004), np.float64(0.5240913790625494), np.float64(0.50428427393372), np.float64(0.4997701201889966), np.float64(0.5139153768887391), np.float64(0.5152554898648649), np.float64(0.5147225099640924), np.float64(0.5849822228019302), np.float64(0.5903733243813386), np.float64(0.6127005912162162), np.float64(0.5019735581166035), np.float64(0.5019599360388678), np.float64(0.5106902517176963), np.float64(0.5519051052428581), np.float64(0.6374475529065003), np.float64(0.7302286528252266), np.float64(0.778224103354119), np.float64(0.8142538956693701), np.float64(0.828123297240283), np.float64(0.8300508792335922), np.float64(0.8370375158013524), np.float64(0.8698115324651873), np.float64(0.8853854480627421), np.float64(0.8937973380088806), np.float64(0.9004093553568866), np.float64(0.9063147064801809), np.float64(0.9127155751795382), np.float64(0.9124380172909917), np.float64(0.9235573773448532), np.float64(0.9268693464833337), np.float64(0.9216280917863588), np.float64(0.9297130413957544), np.float64(0.9405344096389977), np.float64(0.941966474861712), np.float64(0.9431209805849436), np.float64(0.9450145073839136), np.float64(0.9525239072941445), np.float64(0.9525307183330124), np.float64(0.9587596034681475), np.float64(0.9568320206693701)], 'valid_losses': [np.float64(0.6894021511077881), np.float64(0.6970848345756531), np.float64(0.6927956128120423), np.float64(0.6927985286712647), np.float64(0.6939681839942932), np.float64(0.6925995230674744), np.float64(0.6881480097770691), np.float64(0.6653454732894898), np.float64(0.6501711201667786), np.float64(0.6928189516067504), np.float64(0.6934136581420899), np.float64(0.6929860830307006), np.float64(0.6933967161178589), np.float64(0.667777931690216), np.float64(0.5900133323669433), np.float64(0.5085134100914002), np.float64(0.5983759069442749), np.float64(0.42341957330703733), np.float64(0.39548478603363035), np.float64(0.4535791540145874), np.float64(0.3816339933872223), np.float64(0.3538537549972534), np.float64(0.3513547694683075), np.float64(0.3857429730892181), np.float64(0.34249987721443176), np.float64(0.3541936254501343), np.float64(0.33460047483444216), np.float64(0.32824910879135133), np.float64(0.3410101318359375), np.float64(0.3470035874843597), np.float64(0.34073644518852236), np.float64(0.3647513234615326), np.float64(0.3454628789424896), np.float64(0.34932785987854004), np.float64(0.36063013911247255), np.float64(0.3563372027873993), np.float64(0.3476007449626923), np.float64(0.3815346455574036), np.float64(0.3444201123714447), np.float64(0.3604566550254822)], 'valid_accs': [np.float64(0.5394133257865906), np.float64(0.4877741742134094), np.float64(0.5122258257865906), np.float64(0.5136320757865905), np.float64(0.5278095531463624), np.float64(0.5122258257865906), np.float64(0.5252977609634399), np.float64(0.6155454015731812), np.float64(0.6436291265487671), np.float64(0.5122258257865906), np.float64(0.4877741742134094), np.float64(0.5460790109634399), np.float64(0.4877741742134094), np.float64(0.5959080195426941), np.float64(0.6666892695426941), np.float64(0.7880542469024658), np.float64(0.6920902132987976), np.float64(0.8077535390853882), np.float64(0.82632075548172), np.float64(0.8093278312683105), np.float64(0.8394840812683105), np.float64(0.853573112487793), np.float64(0.8590536570549011), np.float64(0.8520224070549012), np.float64(0.8642099070549011), np.float64(0.8675294828414917), np.float64(0.8716450476646423), np.float64(0.8750943398475647), np.float64(0.8670872640609741), np.float64(0.8760583734512329), np.float64(0.8708637976646423), np.float64(0.8734286570549011), np.float64(0.879339623451233), np.float64(0.8801208734512329), np.float64(0.8795872640609741), np.float64(0.8828419828414917), np.float64(0.8826208734512329), np.float64(0.8744310140609741), np.float64(0.8831544828414917), np.float64(0.8819044828414917)]})
vocab: Vocab()
model: LSTM(
  (embedding): Embedding(21632, 300, padding_idx=1)
  (lstm): LSTM(300, 256, num_layers=5, batch_first=True, dropout=0.3)
  (fc): Linear(in_features=256, out_features=2, bias=True)
  (dropout): Dropout(p=0.3, inplace=False)
)
optimizer: Adam (
Parameter Group 0
    amsgrad: False
    betas: (0.9, 0.999)
    capturable: False
    differentiable: False
    eps: 1e-08
    foreach: None
    fused: None
    lr: 0.0005
    maximize: False
    weight_decay: 0
)
criterion: CrossEntropyLoss()
device: cuda:1
special_tokens: ['<unk>', '<pad>']
unk_index: 0
pad_index: 1
vocab_size: 21632
output_dim: 2
