test_loss: 0.695, test_acc: 0.502
hyper-parameters: Namespace(max_length=256, test_size=0.25, min_freq=5, batch_size=256, embedding_dim=300, n_filters=100, filter_sizes=[3, 5, 7], dropout_rate=0.3, n_epochs=40, device='cuda:1')
metrics: defaultdict(<class 'list'>, {'train_losses': [np.float64(0.6911493886161495), np.float64(0.6810771653781066), np.float64(0.6690057878558701), np.float64(0.6399277867497625), np.float64(0.5951552173575839), np.float64(0.546045925971624), np.float64(0.5915047014887268), np.float64(0.5961470209263466), np.float64(0.5110139335329468), np.float64(0.6110148752057875), np.float64(0.4979198107848296), np.float64(0.4005821971474467), np.float64(0.3259536736720317), np.float64(0.2934952062126753), np.float64(0.2683915566350963), np.float64(0.22045396872468898), np.float64(0.5692318253017761), np.float64(0.2576456583432249), np.float64(0.19096679492173968), np.float64(0.16245547893482284), np.float64(0.16222900313300057), np.float64(0.13400259634127487), np.float64(0.11829837275719321), np.float64(0.10871167339988656), np.float64(0.0971392598003149), np.float64(0.0948913761829907), np.float64(0.08130234444664942), np.float64(0.07467116926469512), np.float64(0.060992668810728436), np.float64(0.06865301501710673), np.float64(0.05165331984391889), np.float64(0.052398572336076886), np.float64(0.05893120096644034), np.float64(0.04406223923118936), np.float64(0.0636575625945084), np.float64(0.051016986470770194), np.float64(0.03627970883924816), np.float64(0.03280219780532895), np.float64(0.028928219573572278), np.float64(0.5980559002507377)], 'train_accs': [np.float64(0.5145573366332699), np.float64(0.5456200274261268), np.float64(0.5665595032073356), np.float64(0.6145617639696276), np.float64(0.6913296233963322), np.float64(0.7536269885462683), np.float64(0.6528988665825611), np.float64(0.6170700055521887), np.float64(0.7603633113809534), np.float64(0.6396441797952395), np.float64(0.7837548352576591), np.float64(0.8410765850866163), np.float64(0.8704313555279294), np.float64(0.8837677771980698), np.float64(0.8980203109818536), np.float64(0.9173080582876463), np.float64(0.7699654666153161), np.float64(0.9045131319277996), np.float64(0.9307755964833337), np.float64(0.942593108963322), np.float64(0.9441307485103607), np.float64(0.9552824618043126), np.float64(0.9606531302671175), np.float64(0.963450849861712), np.float64(0.9677197981525112), np.float64(0.9680637668918919), np.float64(0.9735008445945946), np.float64(0.9762917523448532), np.float64(0.9815108703600394), np.float64(0.9777629818465259), np.float64(0.9843222128378378), np.float64(0.983734742209718), np.float64(0.9806134886032826), np.float64(0.9868559966216216), np.float64(0.9798744683330124), np.float64(0.9837415540540541), np.float64(0.989594117209718), np.float64(0.9903263264411205), np.float64(0.9921347128378378), np.float64(0.7671490162611008)], 'valid_losses': [np.float64(0.675593581199646), np.float64(0.719986732006073), np.float64(0.6807950520515442), np.float64(0.619341824054718), np.float64(0.5615386056900025), np.float64(0.5382585835456848), np.float64(0.6462311983108521), np.float64(0.6625331449508667), np.float64(0.5495445024967194), np.float64(0.659730122089386), np.float64(0.5387407982349396), np.float64(0.46081576943397523), np.float64(0.4778838276863098), np.float64(0.44919224858283996), np.float64(0.43406160950660705), np.float64(0.44552027463912963), np.float64(0.4272211539745331), np.float64(0.4123226547241211), np.float64(0.4357441020011902), np.float64(0.4299783754348755), np.float64(0.4408159363269806), np.float64(0.45390756607055666), np.float64(0.45274462342262267), np.float64(0.47005840539932253), np.float64(0.4825131070613861), np.float64(0.5320604515075683), np.float64(0.5085918617248535), np.float64(0.5114976716041565), np.float64(0.540825366973877), np.float64(0.5595911455154419), np.float64(0.5761556601524354), np.float64(0.6494457828998565), np.float64(0.599332218170166), np.float64(0.6396401846408843), np.float64(0.5744769763946533), np.float64(0.6292801558971405), np.float64(0.6453151822090148), np.float64(0.6425884199142456), np.float64(0.681402485370636), np.float64(0.6946267080307007)], 'valid_accs': [np.float64(0.5664180421829224), np.float64(0.5244781851768494), np.float64(0.5391126179695129), np.float64(0.6639681601524353), np.float64(0.7621167469024658), np.float64(0.7558402132987976), np.float64(0.5812352609634399), np.float64(0.5816656851768494), np.float64(0.790448112487793), np.float64(0.5817040109634399), np.float64(0.774354362487793), np.float64(0.8075324296951294), np.float64(0.8118808960914612), np.float64(0.829510612487793), np.float64(0.832791862487793), np.float64(0.8469840812683106), np.float64(0.8167010617256164), np.float64(0.83241450548172), np.float64(0.84647700548172), np.float64(0.85053950548172), np.float64(0.84944575548172), np.float64(0.8513472890853881), np.float64(0.8513207554817199), np.float64(0.8496020054817199), np.float64(0.85194575548172), np.float64(0.8490949296951293), np.float64(0.8536261796951294), np.float64(0.85288325548172), np.float64(0.8525058960914612), np.float64(0.8454097890853882), np.float64(0.8473496460914611), np.float64(0.839041862487793), np.float64(0.85428950548172), np.float64(0.8439770054817199), np.float64(0.8226090812683106), np.float64(0.8479746460914612), np.float64(0.8458136796951294), np.float64(0.8500058960914612), np.float64(0.84897700548172), np.float64(0.4951945757865906)]})
vocab: Vocab()
model: LSTM(
  (embedding): Embedding(21576, 300, padding_idx=1)
  (lstm): LSTM(300, 256, num_layers=2, batch_first=True, dropout=0.3)
  (fc): Linear(in_features=256, out_features=2, bias=True)
  (dropout): Dropout(p=0.3, inplace=False)
)
optimizer: Adam (
Parameter Group 0
    amsgrad: False
    betas: (0.9, 0.999)
    capturable: False
    differentiable: False
    eps: 1e-08
    foreach: None
    fused: None
    lr: 0.0005
    maximize: False
    weight_decay: 0
)
criterion: CrossEntropyLoss()
device: cuda:1
special_tokens: ['<unk>', '<pad>']
unk_index: 0
pad_index: 1
vocab_size: 21576
output_dim: 2
