test_loss: 0.385, test_acc: 0.858
hyper-parameters: Namespace(max_length=256, test_size=0.25, min_freq=5, batch_size=256, embedding_dim=300, n_filters=100, filter_sizes=[3, 5, 7], dropout_rate=0.3, n_epochs=40, device='cuda:5')
metrics: defaultdict(<class 'list'>, {'train_losses': [np.float64(0.6927865687254313), np.float64(0.6879460151131088), np.float64(0.6817321938437384), np.float64(0.6660929773304913), np.float64(0.6688227814597052), np.float64(0.6683746044700211), np.float64(0.6624644173158182), np.float64(0.6654420229228767), np.float64(0.5997766691285211), np.float64(0.5405820495373493), np.float64(0.532781589675594), np.float64(0.5233616208707964), np.float64(0.47535260545240865), np.float64(0.4553364571687338), np.float64(0.41845968486489477), np.float64(0.3927840203852267), np.float64(0.46700281267230576), np.float64(0.5460565943975706), np.float64(0.4744473216501442), np.float64(0.44608223277169307), np.float64(0.3736005195894757), np.float64(0.35687391379395045), np.float64(0.3561428217469035), np.float64(0.35688106151851445), np.float64(0.32212804821697444), np.float64(0.3089631423354149), np.float64(0.2934485764519588), np.float64(0.27428098244441523), np.float64(0.2817881274464968), np.float64(0.2708154479796822), np.float64(0.2688510629373628), np.float64(0.24957066492454424), np.float64(0.239355878451386), np.float64(0.2248931945981206), np.float64(0.2105767506401281), np.float64(0.2057595436234732), np.float64(0.19210038152900902), np.float64(0.18848695162985776), np.float64(0.18842082349835215), np.float64(0.17419662376916087)], 'train_accs': [np.float64(0.5035163059427932), np.float64(0.531183589954634), np.float64(0.5434387261803085), np.float64(0.5790768716786359), np.float64(0.5923979669003874), np.float64(0.5825659326604895), np.float64(0.6071255851436306), np.float64(0.6049187416965897), np.float64(0.6851807703842988), np.float64(0.7319161392546989), np.float64(0.741676655975548), np.float64(0.7563838411021877), np.float64(0.7844342573268993), np.float64(0.7972547266934369), np.float64(0.8155923058857789), np.float64(0.8341597640836561), np.float64(0.7826565222160237), np.float64(0.7196763294774133), np.float64(0.7916337453030251), np.float64(0.8059765277682124), np.float64(0.8423553971019951), np.float64(0.8510652788587518), np.float64(0.8554466133182114), np.float64(0.8544249260747755), np.float64(0.8684986644500011), np.float64(0.8751498468824335), np.float64(0.8812867805764482), np.float64(0.8924912810325623), np.float64(0.8863151830595892), np.float64(0.8913878589063078), np.float64(0.8924112489094606), np.float64(0.9006205040055353), np.float64(0.9051738228346851), np.float64(0.9113822740477484), np.float64(0.9203237383752256), np.float64(0.9205740513028325), np.float64(0.9255496674292797), np.float64(0.9300365762130635), np.float64(0.9272780208974272), np.float64(0.9335784243570792)], 'valid_losses': [np.float64(0.6928447818756104), np.float64(0.6907355833053589), np.float64(0.6843024230003357), np.float64(0.7014526796340942), np.float64(0.6685106873512268), np.float64(0.6748239874839783), np.float64(0.6464073014259338), np.float64(0.6751912117004395), np.float64(0.548789689540863), np.float64(0.6755752468109131), np.float64(0.5443324410915374), np.float64(0.5476718235015869), np.float64(0.4696299064159393), np.float64(0.5036105263233185), np.float64(0.4391005527973175), np.float64(0.41185200452804566), np.float64(0.692826373577118), np.float64(0.5068113851547241), np.float64(0.48967363357543947), np.float64(0.4358508026599884), np.float64(0.4130495202541351), np.float64(0.4083961391448975), np.float64(0.45319568514823916), np.float64(0.3872076153755188), np.float64(0.37634249448776247), np.float64(0.3793408274650574), np.float64(0.37487127900123596), np.float64(0.3914821147918701), np.float64(0.375538774728775), np.float64(0.3680114424228668), np.float64(0.3633339810371399), np.float64(0.3620457053184509), np.float64(0.40105621337890623), np.float64(0.3636546194553375), np.float64(0.3597511428594589), np.float64(0.35291329860687254), np.float64(0.3878548610210419), np.float64(0.3472892105579376), np.float64(0.3552814489603043), np.float64(0.3594589465856552)], 'valid_accs': [np.float64(0.5052859663963318), np.float64(0.5310672163963318), np.float64(0.5404274773597717), np.float64(0.6321167469024658), np.float64(0.6031220531463624), np.float64(0.5825884437561035), np.float64(0.6525737023353577), np.float64(0.6524557781219482), np.float64(0.73569575548172), np.float64(0.6101650953292846), np.float64(0.7550324296951294), np.float64(0.7255660390853882), np.float64(0.7874027132987976), np.float64(0.7650972890853882), np.float64(0.8120489382743835), np.float64(0.8218012976646424), np.float64(0.5411055421829224), np.float64(0.7710347890853881), np.float64(0.7798496460914612), np.float64(0.81303950548172), np.float64(0.8185996460914612), np.float64(0.8267629718780518), np.float64(0.8197965812683106), np.float64(0.841370873451233), np.float64(0.8429333734512329), np.float64(0.8421137976646423), np.float64(0.8431161570549012), np.float64(0.8381161570549012), np.float64(0.8446521234512329), np.float64(0.8487529492378235), np.float64(0.844183373451233), np.float64(0.8570341992378235), np.float64(0.8434021234512329), np.float64(0.8626857328414917), np.float64(0.8643396234512329), np.float64(0.8671255898475647), np.float64(0.8583490562438965), np.float64(0.8652240562438965), np.float64(0.8631544828414917), np.float64(0.8687529492378235)]})
vocab: Vocab()
model: LSTM(
  (embedding): Embedding(21567, 300, padding_idx=1)
  (lstm): LSTM(300, 256, num_layers=4, batch_first=True, dropout=0.3)
  (fc): Linear(in_features=256, out_features=2, bias=True)
  (dropout): Dropout(p=0.3, inplace=False)
)
optimizer: Adam (
Parameter Group 0
    amsgrad: False
    betas: (0.9, 0.999)
    capturable: False
    differentiable: False
    eps: 1e-08
    foreach: None
    fused: None
    lr: 0.0005
    maximize: False
    weight_decay: 0
)
criterion: CrossEntropyLoss()
device: cuda:5
special_tokens: ['<unk>', '<pad>']
unk_index: 0
pad_index: 1
vocab_size: 21567
output_dim: 2
