test_loss: 0.424, test_acc: 0.854
hyper-parameters: Namespace(max_length=256, test_size=0.25, min_freq=5, batch_size=256, embedding_dim=300, n_filters=100, filter_sizes=[3, 5, 7], dropout_rate=0.3, n_epochs=40, device='cuda:1')
metrics: defaultdict(<class 'list'>, {'train_losses': [np.float64(0.6594154496450682), np.float64(0.6059110772770804), np.float64(0.5935369025211077), np.float64(0.5305521254603928), np.float64(0.5276521351691839), np.float64(0.6318019854055869), np.float64(0.6890830945324253), np.float64(0.6932012390446018), np.float64(0.6930487558648393), np.float64(0.6922775039801726), np.float64(0.6926068252808338), np.float64(0.6878822333103901), np.float64(0.5995435078401823), np.float64(0.6516117453575134), np.float64(0.6846346379937353), np.float64(0.6808156926889677), np.float64(0.6845519639350273), np.float64(0.6851793817571692), np.float64(0.6847467736617939), np.float64(0.6837318161049405), np.float64(0.6842767660682266), np.float64(0.6836554158378292), np.float64(0.6821707559598459), np.float64(0.6822437015739647), np.float64(0.6791882861304928), np.float64(0.6551230743124679), np.float64(0.6333251293446567), np.float64(0.5521532200478219), np.float64(0.41782465697945775), np.float64(0.36079300940036774), np.float64(0.30601296151006546), np.float64(0.28055969082020427), np.float64(0.2559232067417454), np.float64(0.23098980333354022), np.float64(0.20964750103853844), np.float64(0.2001939538765598), np.float64(0.18090071841268926), np.float64(0.1645191411512929), np.float64(0.14618063315346436), np.float64(0.13726490796417803)], 'train_accs': [np.float64(0.5979099684470409), np.float64(0.6706813283868738), np.float64(0.6836686730384827), np.float64(0.7394595951647371), np.float64(0.7445544076932443), np.float64(0.6135928646938221), np.float64(0.510201544375033), np.float64(0.5043149244140934), np.float64(0.5067175916723303), np.float64(0.5145624453151548), np.float64(0.5162652569848138), np.float64(0.5370514795586869), np.float64(0.6805218772308247), np.float64(0.616872479786744), np.float64(0.5293377420386752), np.float64(0.5435511115435008), np.float64(0.5457869027111981), np.float64(0.542268894008688), np.float64(0.5410547892789583), np.float64(0.5476685101921493), np.float64(0.5478711446394792), np.float64(0.5496744223543115), np.float64(0.5540268090931145), np.float64(0.5521928804951746), np.float64(0.5576776370808885), np.float64(0.6145634667293446), np.float64(0.6356868453927942), np.float64(0.739604334573488), np.float64(0.8192022668348776), np.float64(0.8476341133182114), np.float64(0.8748995339548266), np.float64(0.887588885990349), np.float64(0.8996567130088806), np.float64(0.9101817913957544), np.float64(0.9211478990477484), np.float64(0.9239592407200787), np.float64(0.9320084323754182), np.float64(0.9409498958974272), np.float64(0.945503214726577), np.float64(0.9504975612099106)], 'valid_losses': [np.float64(0.6432294654846191), np.float64(0.672620222568512), np.float64(0.6893335747718811), np.float64(0.5568112301826477), np.float64(0.5146148550510407), np.float64(0.6575211215019227), np.float64(0.6929538178443909), np.float64(0.6931034588813781), np.float64(0.692293643951416), np.float64(0.6925159478187561), np.float64(0.6909184193611145), np.float64(0.7623989248275757), np.float64(0.6053086733818054), np.float64(0.6879531717300416), np.float64(0.6851670479774475), np.float64(0.687827832698822), np.float64(0.6876737761497498), np.float64(0.6856887459754943), np.float64(0.6865846943855286), np.float64(0.6853676581382752), np.float64(0.6860416054725647), np.float64(0.6864118361473084), np.float64(0.6866243004798889), np.float64(0.6843188762664795), np.float64(0.6813748359680176), np.float64(0.691763699054718), np.float64(0.9870518898963928), np.float64(0.5752017140388489), np.float64(0.42144991755485534), np.float64(0.4063119065761566), np.float64(0.36650269508361816), np.float64(0.3777907180786133), np.float64(0.3768350791931152), np.float64(0.36292828440666197), np.float64(0.3624173700809479), np.float64(0.36365732431411746), np.float64(0.37585158526897433), np.float64(0.39610055446624753), np.float64(0.47556514501571656), np.float64(0.40598209857940676)], 'valid_accs': [np.float64(0.6328478765487671), np.float64(0.6129274773597717), np.float64(0.6037588453292847), np.float64(0.7637558960914612), np.float64(0.7543160390853881), np.float64(0.6103862023353577), np.float64(0.5160288918018341), np.float64(0.5153773593902587), np.float64(0.5202093160152436), np.float64(0.50953125), np.float64(0.5305336093902588), np.float64(0.5243602609634399), np.float64(0.6948113203048706), np.float64(0.5195695757865906), np.float64(0.5354805421829224), np.float64(0.5342305421829223), np.float64(0.5339829015731812), np.float64(0.5352329015731812), np.float64(0.5350117921829224), np.float64(0.5394516515731812), np.float64(0.5400117921829224), np.float64(0.53795401096344), np.float64(0.5388266515731811), np.float64(0.54029776096344), np.float64(0.5467040109634399), np.float64(0.5340359663963318), np.float64(0.5539298343658448), np.float64(0.7419988203048706), np.float64(0.8205512976646423), np.float64(0.8247965812683106), np.float64(0.8442099070549012), np.float64(0.8485200476646423), np.float64(0.8504599070549012), np.float64(0.8548997640609741), np.float64(0.858089623451233), np.float64(0.8588060140609741), np.float64(0.8595872640609741), np.float64(0.8582458734512329), np.float64(0.8573083734512329), np.float64(0.8650560140609741)]})
vocab: Vocab()
model: LSTM(
  (embedding): Embedding(21521, 300, padding_idx=1)
  (lstm): LSTM(300, 256, num_layers=5, batch_first=True, dropout=0.3, bidirectional=True)
  (fc): Linear(in_features=256, out_features=2, bias=True)
  (dropout): Dropout(p=0.3, inplace=False)
)
optimizer: Adam (
Parameter Group 0
    amsgrad: False
    betas: (0.9, 0.999)
    capturable: False
    differentiable: False
    eps: 1e-08
    foreach: None
    fused: None
    lr: 0.0005
    maximize: False
    weight_decay: 0
)
criterion: CrossEntropyLoss()
device: cuda:1
special_tokens: ['<unk>', '<pad>']
unk_index: 0
pad_index: 1
vocab_size: 21521
output_dim: 2
