test_loss: 0.562, test_acc: 0.868
hyper-parameters: Namespace(max_length=256, test_size=0.25, min_freq=5, batch_size=256, embedding_dim=300, n_filters=100, filter_sizes=[3, 5, 7], dropout_rate=0.3, n_epochs=40, device='cuda:1')
metrics: defaultdict(<class 'list'>, {'train_losses': [np.float64(0.7001433219458606), np.float64(0.5244332410999246), np.float64(0.4495720311596587), np.float64(0.39588510869322596), np.float64(0.35797256795135707), np.float64(0.3186803866882582), np.float64(0.2825975766455805), np.float64(0.26118175645132324), np.float64(0.22734982580751986), np.float64(0.21019921310850093), np.float64(0.18109727288420135), np.float64(0.1562081716350607), np.float64(0.13513148002125122), np.float64(0.11926881636719446), np.float64(0.10585587522065318), np.float64(0.09142328385968466), np.float64(0.07896815396442607), np.float64(0.07117143369002922), np.float64(0.062408347689622154), np.float64(0.056856292023046595), np.float64(0.050226744188851605), np.float64(0.046464760158513044), np.float64(0.039439101917417466), np.float64(0.03992368767944139), np.float64(0.034279909941392975), np.float64(0.03513331051815201), np.float64(0.030220412561116187), np.float64(0.026374529191368335), np.float64(0.025876727395665808), np.float64(0.02452156799090271), np.float64(0.02068884896013785), np.float64(0.024113487748026446), np.float64(0.02345618184630734), np.float64(0.021420552445625938), np.float64(0.019553550350718905), np.float64(0.019788231599975278), np.float64(0.01945635093678091), np.float64(0.018989413602252467), np.float64(0.016296036550901026), np.float64(0.017141546034631697)], 'train_accs': [np.float64(0.6130190169489061), np.float64(0.7367470167778634), np.float64(0.788056138399485), np.float64(0.8183236154350074), np.float64(0.8394657252608119), np.float64(0.8612072250327548), np.float64(0.8803229887743254), np.float64(0.8914287267504512), np.float64(0.9067370037774782), np.float64(0.9136061458974272), np.float64(0.9268625346389977), np.float64(0.9373603688704001), np.float64(0.9480438095492285), np.float64(0.9550576910779283), np.float64(0.9595054347772856), np.float64(0.9652847776541839), np.float64(0.9708086993243243), np.float64(0.974285840182691), np.float64(0.9773934717113907), np.float64(0.9793993838735529), np.float64(0.981662420807658), np.float64(0.9821443163059853), np.float64(0.9861629516691774), np.float64(0.9847972972972973), np.float64(0.9884855868043126), np.float64(0.9869939241860364), np.float64(0.989917652027027), np.float64(0.9912901182432432), np.float64(0.9910789695945946), np.float64(0.991870777027027), np.float64(0.9932960304054054), np.float64(0.991237331081081), np.float64(0.9921875), np.float64(0.9917975559427932), np.float64(0.9935071790540541), np.float64(0.9928669212637721), np.float64(0.9934543918918919), np.float64(0.993137668918919), np.float64(0.994457347972973), np.float64(0.9937183277027027)], 'valid_losses': [np.float64(0.49416365146636965), np.float64(0.4215336239337921), np.float64(0.4133217716217041), np.float64(0.367511203289032), np.float64(0.348798885345459), np.float64(0.3358998990058899), np.float64(0.33412219285964967), np.float64(0.3226913380622864), np.float64(0.32924402952194215), np.float64(0.3273528337478638), np.float64(0.3235234022140503), np.float64(0.3308616054058075), np.float64(0.3322094166278839), np.float64(0.3419952690601349), np.float64(0.3480439782142639), np.float64(0.35532533049583437), np.float64(0.3719823181629181), np.float64(0.3847677421569824), np.float64(0.3874038624763489), np.float64(0.41180925488471987), np.float64(0.4074938654899597), np.float64(0.4089028000831604), np.float64(0.4203161644935608), np.float64(0.415925213098526), np.float64(0.4241456413269043), np.float64(0.4373985517024994), np.float64(0.4614348447322845), np.float64(0.4518354094028473), np.float64(0.44994777083396914), np.float64(0.45423879504203796), np.float64(0.4815677773952484), np.float64(0.49258495807647706), np.float64(0.47231320977211), np.float64(0.47618473529815675), np.float64(0.4844621217250824), np.float64(0.49089470267295837), np.float64(0.5117003548145295), np.float64(0.5147037506103516), np.float64(0.5126444005966186), np.float64(0.5444999849796295)], 'valid_accs': [np.float64(0.756385612487793), np.float64(0.8087411570549011), np.float64(0.8085849070549012), np.float64(0.8388826656341553), np.float64(0.8467865562438965), np.float64(0.8547553062438965), np.float64(0.8578803062438964), np.float64(0.8650029492378235), np.float64(0.8619044828414917), np.float64(0.8661880898475647), np.float64(0.8711880898475647), np.float64(0.8731279492378234), np.float64(0.8724380898475647), np.float64(0.8705365562438965), np.float64(0.8707193398475647), np.float64(0.8735318398475647), np.float64(0.8731544828414917), np.float64(0.8708755898475647), np.float64(0.8734669828414917), np.float64(0.8667482328414917), np.float64(0.8712794828414917), np.float64(0.8750943398475647), np.float64(0.872620873451233), np.float64(0.8759669828414917), np.float64(0.8768396234512329), np.float64(0.8764357328414917), np.float64(0.8705630898475647), np.float64(0.8769693398475646), np.float64(0.8798201656341553), np.float64(0.8778154492378235), np.float64(0.8713708734512329), np.float64(0.8750943398475647), np.float64(0.8784021234512329), np.float64(0.8790919828414917), np.float64(0.8797818398475648), np.float64(0.8792482328414917), np.float64(0.8755896234512329), np.float64(0.8749380898475647), np.float64(0.8802240562438964), np.float64(0.8750560140609741)]})
vocab: Vocab()
model: CNN(
  (embedding): Embedding(21581, 300, padding_idx=1)
  (convs): ModuleList(
    (0): Conv1d(300, 100, kernel_size=(3,), stride=(1,))
    (1): Conv1d(300, 100, kernel_size=(5,), stride=(1,))
    (2): Conv1d(300, 100, kernel_size=(7,), stride=(1,))
  )
  (fc): Linear(in_features=300, out_features=2, bias=True)
  (dropout): Dropout(p=0.3, inplace=False)
)
optimizer: Adam (
Parameter Group 0
    amsgrad: False
    betas: (0.9, 0.999)
    capturable: False
    differentiable: False
    eps: 1e-08
    foreach: None
    fused: None
    lr: 0.001
    maximize: False
    weight_decay: 0
)
criterion: CrossEntropyLoss()
device: cuda:1
special_tokens: ['<unk>', '<pad>']
unk_index: 0
pad_index: 1
vocab_size: 21581
output_dim: 2
