test_loss: 0.559, test_acc: 0.865
hyper-parameters: Namespace(max_length=256, test_size=0.25, min_freq=5, batch_size=256, embedding_dim=300, n_filters=100, filter_sizes=[3, 5, 7], dropout_rate=0.3, n_epochs=40, device='cuda:1')
metrics: defaultdict(<class 'list'>, {'train_losses': [np.float64(0.6938974200873762), np.float64(0.5184547582993636), np.float64(0.44391672353486755), np.float64(0.39038275141973755), np.float64(0.35703382419573293), np.float64(0.3266480462373914), np.float64(0.27716492035904444), np.float64(0.2626860190082241), np.float64(0.22527990852658814), np.float64(0.1938860521123216), np.float64(0.16587313103514748), np.float64(0.1503480207678434), np.float64(0.13043943258958893), np.float64(0.11434960717687735), np.float64(0.10037012660020106), np.float64(0.08805755425143887), np.float64(0.07331886847276946), np.float64(0.06366018797396808), np.float64(0.05858694167958724), np.float64(0.05068131946530696), np.float64(0.04650457528092571), np.float64(0.0390258053116299), np.float64(0.037802620488848235), np.float64(0.03333874293477149), np.float64(0.03152925589096707), np.float64(0.03040421090869082), np.float64(0.02931159029941301), np.float64(0.029420810600591672), np.float64(0.02555132542761999), np.float64(0.02413093942418896), np.float64(0.02413269125453725), np.float64(0.022764971624506084), np.float64(0.02147022556714915), np.float64(0.021698200445924257), np.float64(0.021791448124457855), np.float64(0.018263325579716144), np.float64(0.018946529598906636), np.float64(0.019424120168755384), np.float64(0.018334590688322647), np.float64(0.01799770159571356)], 'train_accs': [np.float64(0.6135758362911843), np.float64(0.7435173956123559), np.float64(0.7872251658826261), np.float64(0.8233128536391903), np.float64(0.8416827860716227), np.float64(0.8552831427471058), np.float64(0.8815762585884815), np.float64(0.8859712151256768), np.float64(0.9085845544531539), np.float64(0.9223756258552139), np.float64(0.9322859902639646), np.float64(0.9397426022065652), np.float64(0.9491455289157661), np.float64(0.9566413059427932), np.float64(0.961807635990349), np.float64(0.9669348025644148), np.float64(0.9726358160779283), np.float64(0.977122724861712), np.float64(0.9789770865762556), np.float64(0.9815636575222015), np.float64(0.9841638513513513), np.float64(0.9857406543718802), np.float64(0.9864796746421505), np.float64(0.9884396114864865), np.float64(0.9894817318465259), np.float64(0.9890202702702703), np.float64(0.9903399493243243), np.float64(0.9897524786962045), np.float64(0.9917124155405406), np.float64(0.991237331081081), np.float64(0.9917056036962045), np.float64(0.9919627284681475), np.float64(0.9924906000897691), np.float64(0.992504222972973), np.float64(0.9922930743243243), np.float64(0.993500367209718), np.float64(0.9939226645070154), np.float64(0.9924446239664748), np.float64(0.9931308570745829), np.float64(0.9942325764411205)], 'valid_losses': [np.float64(0.477443642616272), np.float64(0.4224742805957794), np.float64(0.3838290023803711), np.float64(0.3633398616313934), np.float64(0.3803438878059387), np.float64(0.3310499930381775), np.float64(0.324320410490036), np.float64(0.32530311584472654), np.float64(0.3256454229354858), np.float64(0.3166943323612213), np.float64(0.3130836862325668), np.float64(0.31829661726951597), np.float64(0.33766040205955505), np.float64(0.3348153293132782), np.float64(0.3399765646457672), np.float64(0.3490221405029297), np.float64(0.35236958146095276), np.float64(0.3628871536254883), np.float64(0.36965646624565124), np.float64(0.38572420835494997), np.float64(0.389056521654129), np.float64(0.39602673530578614), np.float64(0.40972589612007143), np.float64(0.41710696697235106), np.float64(0.42522478342056275), np.float64(0.42170722484588624), np.float64(0.43431382536888125), np.float64(0.4352743852138519), np.float64(0.4473558807373047), np.float64(0.4502501440048218), np.float64(0.461062935590744), np.float64(0.4687032246589661), np.float64(0.476064829826355), np.float64(0.4886791455745697), np.float64(0.4811165678501129), np.float64(0.49188187837600705), np.float64(0.49467492461204526), np.float64(0.5148811089992523), np.float64(0.5092189013957977), np.float64(0.5189823925495147)], 'valid_accs': [np.float64(0.773614387512207), np.float64(0.8034050703048706), np.float64(0.8219840812683106), np.float64(0.8382989382743835), np.float64(0.8244575476646423), np.float64(0.8570872640609741), np.float64(0.8618012976646423), np.float64(0.8612676882743835), np.float64(0.8639622640609741), np.float64(0.8700294828414917), np.float64(0.8733637976646423), np.float64(0.8766833734512329), np.float64(0.8711880898475647), np.float64(0.8733372640609741), np.float64(0.8735849070549011), np.float64(0.8781810140609742), np.float64(0.8783107328414917), np.float64(0.8794958734512329), np.float64(0.8788708734512329), np.float64(0.8748083734512329), np.float64(0.8803685140609742), np.float64(0.8838060140609741), np.float64(0.8796137976646423), np.float64(0.8793012976646424), np.float64(0.8813325476646423), np.float64(0.8813325476646423), np.float64(0.8774646234512329), np.float64(0.8799911570549012), np.float64(0.8758372640609742), np.float64(0.8783372640609741), np.float64(0.880433373451233), np.float64(0.8775560140609742), np.float64(0.876527123451233), np.float64(0.8756810140609741), np.float64(0.8797169828414917), np.float64(0.8787794828414917), np.float64(0.8794310140609741), np.float64(0.8746786570549011), np.float64(0.881058373451233), np.float64(0.8808107328414917)]})
vocab: Vocab()
model: CNN(
  (embedding): Embedding(21632, 300, padding_idx=1)
  (convs): ModuleList(
    (0): Conv1d(300, 100, kernel_size=(3,), stride=(1,))
    (1): Conv1d(300, 100, kernel_size=(5,), stride=(1,))
    (2): Conv1d(300, 100, kernel_size=(7,), stride=(1,))
  )
  (fc): Linear(in_features=300, out_features=2, bias=True)
  (dropout): Dropout(p=0.3, inplace=False)
)
optimizer: Adam (
Parameter Group 0
    amsgrad: False
    betas: (0.9, 0.999)
    capturable: False
    differentiable: False
    eps: 1e-08
    foreach: None
    fused: None
    lr: 0.001
    maximize: False
    weight_decay: 0
)
criterion: CrossEntropyLoss()
device: cuda:1
special_tokens: ['<unk>', '<pad>']
unk_index: 0
pad_index: 1
vocab_size: 21632
output_dim: 2
