test_loss: 0.588, test_acc: 0.862
hyper-parameters: Namespace(max_length=256, test_size=0.25, min_freq=5, batch_size=256, embedding_dim=300, n_filters=100, filter_sizes=[3, 5, 7], dropout_rate=0.3, n_epochs=40, device='cuda:1')
metrics: defaultdict(<class 'list'>, {'train_losses': [np.float64(0.6974608342389803), np.float64(0.5316205882542843), np.float64(0.4519583107651891), np.float64(0.3970695085622169), np.float64(0.36096788660900014), np.float64(0.3209346859036265), np.float64(0.2926478871219867), np.float64(0.2662231841602841), np.float64(0.2389902333552773), np.float64(0.20658102923551122), np.float64(0.18048482730581955), np.float64(0.16366829763393145), np.float64(0.14815947906793775), np.float64(0.12737701772838025), np.float64(0.10637920017580728), np.float64(0.09327218022096802), np.float64(0.08057214422906572), np.float64(0.07014912324076569), np.float64(0.06477028136519161), np.float64(0.05585815541043475), np.float64(0.05254227406269795), np.float64(0.045793295259008535), np.float64(0.04445875526682751), np.float64(0.03851503516371186), np.float64(0.03391337316684626), np.float64(0.03838437309841047), np.float64(0.03191455644932953), np.float64(0.02957610714853414), np.float64(0.026948572048363654), np.float64(0.025952164115182853), np.float64(0.02451556981415362), np.float64(0.023565239990381775), np.float64(0.022179783321917057), np.float64(0.022058113934346348), np.float64(0.014733516837696772), np.float64(0.01799445233081241), np.float64(0.017080072392206137), np.float64(0.015162650190570668), np.float64(0.017367714496858016), np.float64(0.01627501197524268)], 'train_accs': [np.float64(0.6196582792578517), np.float64(0.7355141808857789), np.float64(0.7868096796241967), np.float64(0.81614742246834), np.float64(0.837122656203605), np.float64(0.8597036422909917), np.float64(0.8755329799007725), np.float64(0.886717047240283), np.float64(0.9006068819277996), np.float64(0.9144047643687274), np.float64(0.9272575877808236), np.float64(0.933341733507208), np.float64(0.9417025390509013), np.float64(0.9498385730627421), np.float64(0.9599277320745829), np.float64(0.9650804400444031), np.float64(0.9693306587837838), np.float64(0.9737511575222015), np.float64(0.9751764109005799), np.float64(0.9800924280205289), np.float64(0.9797229178853937), np.float64(0.9850407991860364), np.float64(0.9846781000897691), np.float64(0.9870535223870665), np.float64(0.9882216509935018), np.float64(0.9859518030205289), np.float64(0.9885315629276069), np.float64(0.9894953547297297), np.float64(0.9907094594594594), np.float64(0.9907094594594594), np.float64(0.9910721577502586), np.float64(0.9922402871621622), np.float64(0.9916596283783784), np.float64(0.991870777027027), np.float64(0.9950311949124208), np.float64(0.993817090182691), np.float64(0.9940810259935018), np.float64(0.9947740709459459), np.float64(0.9930848817567568), np.float64(0.9939754516691774)], 'valid_losses': [np.float64(0.5060233724117279), np.float64(0.42567608594894407), np.float64(0.39662506222724914), np.float64(0.38908724546432494), np.float64(0.3749492371082306), np.float64(0.35155062317848207), np.float64(0.35927080154418944), np.float64(0.3354721713066101), np.float64(0.3429967111349106), np.float64(0.3330463194847107), np.float64(0.3376938390731812), np.float64(0.34619266629219053), np.float64(0.3619926017522812), np.float64(0.3613952946662903), np.float64(0.3670508003234863), np.float64(0.3743990570306778), np.float64(0.3863716298341751), np.float64(0.39358574748039243), np.float64(0.41546213507652285), np.float64(0.43517745614051817), np.float64(0.41916982471942904), np.float64(0.4359845721721649), np.float64(0.43650168299674985), np.float64(0.44622897744178774), np.float64(0.4537559854984283), np.float64(0.46817465662956237), np.float64(0.46200804233551024), np.float64(0.48222368001937865), np.float64(0.48865437030792236), np.float64(0.4816968297958374), np.float64(0.4975577425956726), np.float64(0.5059108090400696), np.float64(0.5116072225570679), np.float64(0.5345887184143067), np.float64(0.5263094305992126), np.float64(0.5503881299495696), np.float64(0.5480675148963928), np.float64(0.5582696413993835), np.float64(0.5651920080184937), np.float64(0.5729174864292145)], 'valid_accs': [np.float64(0.7412057781219482), np.float64(0.8016833734512329), np.float64(0.8159935140609741), np.float64(0.8212146234512329), np.float64(0.8298732328414917), np.float64(0.8461232328414917), np.float64(0.8450943398475647), np.float64(0.8541568398475647), np.float64(0.8554716992378235), np.float64(0.8640654492378235), np.float64(0.8660318398475647), np.float64(0.8690005898475647), np.float64(0.8668130898475647), np.float64(0.8681279492378234), np.float64(0.8700943398475647), np.float64(0.8729716992378235), np.float64(0.8729716992378235), np.float64(0.8742865562438965), np.float64(0.8717216992378235), np.float64(0.8701326656341553), np.float64(0.8723466992378235), np.float64(0.8714740562438965), np.float64(0.8704451656341553), np.float64(0.872541275024414), np.float64(0.8728803062438965), np.float64(0.8731279492378234), np.float64(0.8766951656341553), np.float64(0.8735966992378235), np.float64(0.8742865562438965), np.float64(0.8723466992378235), np.float64(0.8713826656341552), np.float64(0.8735966992378235), np.float64(0.8736615562438965), np.float64(0.8753803062438965), np.float64(0.8764091992378235), np.float64(0.8750678062438965), np.float64(0.8761615562438965), np.float64(0.8754451656341553), np.float64(0.8732841992378235), np.float64(0.8718779492378235)]})
vocab: Vocab()
model: CNN(
  (embedding): Embedding(21608, 300, padding_idx=1)
  (convs): ModuleList(
    (0): Conv1d(300, 100, kernel_size=(3,), stride=(1,))
    (1): Conv1d(300, 100, kernel_size=(5,), stride=(1,))
    (2): Conv1d(300, 100, kernel_size=(7,), stride=(1,))
  )
  (fc): Linear(in_features=300, out_features=2, bias=True)
  (dropout): Dropout(p=0.3, inplace=False)
)
optimizer: Adam (
Parameter Group 0
    amsgrad: False
    betas: (0.9, 0.999)
    capturable: False
    differentiable: False
    eps: 1e-08
    foreach: None
    fused: None
    lr: 0.001
    maximize: False
    weight_decay: 0
)
criterion: CrossEntropyLoss()
device: cuda:1
special_tokens: ['<unk>', '<pad>']
unk_index: 0
pad_index: 1
vocab_size: 21608
output_dim: 2
