test_loss: 0.693, test_acc: 0.502
hyper-parameters: Namespace(max_length=256, test_size=0.25, min_freq=5, batch_size=256, embedding_dim=300, n_filters=100, filter_sizes=[3, 5, 7], dropout_rate=0.3, n_epochs=40, device='cuda:1')
metrics: defaultdict(<class 'list'>, {'train_losses': [np.float64(0.691541449443714), np.float64(0.6957415954486744), np.float64(0.6933154479877369), np.float64(0.6891814848861179), np.float64(0.6859568784365783), np.float64(0.686700118554605), np.float64(0.6917728950848451), np.float64(0.6915136615972262), np.float64(0.6913322363350842), np.float64(0.6917328729822829), np.float64(0.6916213011419451), np.float64(0.6908652468307598), np.float64(0.6911935153845195), np.float64(0.6913700836735803), np.float64(0.6912522726767772), np.float64(0.6915310089652603), np.float64(0.6915042021790067), np.float64(0.6907678681450922), np.float64(0.6916271496463466), np.float64(0.6912066066587294), np.float64(0.6903797033670787), np.float64(0.6909130819745966), np.float64(0.6912776779484104), np.float64(0.6913090581829483), np.float64(0.6907892468813304), np.float64(0.6906656920909882), np.float64(0.6908637663802585), np.float64(0.6905685824316901), np.float64(0.6908574652027439), np.float64(0.6925394808923876), np.float64(0.6931904264398523), np.float64(0.6931878706893405), np.float64(0.6931808212318936), np.float64(0.6931688833881069), np.float64(0.6931704395526165), np.float64(0.6931635197755452), np.float64(0.6931586628024643), np.float64(0.693165202398558), np.float64(0.6931833431527421), np.float64(0.6931805828133145)], 'train_accs': [np.float64(0.5162942047054703), np.float64(0.5050079689638035), np.float64(0.5064127888228442), np.float64(0.5400313996785396), np.float64(0.5489813782073356), np.float64(0.551276767576063), np.float64(0.5068691421199489), np.float64(0.5090793918918919), np.float64(0.5080508936095882), np.float64(0.5035963380658949), np.float64(0.5049211253990998), np.float64(0.5102475204983273), np.float64(0.5110069746906692), np.float64(0.5110989261317898), np.float64(0.5064144915825611), np.float64(0.5075332385462683), np.float64(0.5086043074324325), np.float64(0.5115740105912492), np.float64(0.5064008686993573), np.float64(0.5095016891891891), np.float64(0.5126893520355225), np.float64(0.5103326609005799), np.float64(0.5100295608108109), np.float64(0.5112113114949819), np.float64(0.5107873118407017), np.float64(0.512914123567375), np.float64(0.5111312797746143), np.float64(0.5140362768559843), np.float64(0.511018894008688), np.float64(0.5094148456244856), np.float64(0.496725493186229), np.float64(0.4953870829698202), np.float64(0.49559823161846883), np.float64(0.4965824565371951), np.float64(0.493697893780631), np.float64(0.4991945696843637), np.float64(0.49933420000849543), np.float64(0.49415935575962067), np.float64(0.49864115586151947), np.float64(0.4958757899097494)], 'valid_losses': [np.float64(0.6594651317596436), np.float64(0.6935265183448791), np.float64(0.6930925798416138), np.float64(0.6872653317451477), np.float64(0.6884952187538147), np.float64(0.692829339504242), np.float64(0.6931201028823852), np.float64(0.6926760721206665), np.float64(0.6928270936012269), np.float64(0.6925844335556031), np.float64(0.692564787864685), np.float64(0.6926256537437439), np.float64(0.6924828028678894), np.float64(0.6925281000137329), np.float64(0.6924857592582703), np.float64(0.6927031254768372), np.float64(0.6924855756759644), np.float64(0.6927094531059265), np.float64(0.692647545337677), np.float64(0.6926785016059875), np.float64(0.6928010964393616), np.float64(0.6926413702964783), np.float64(0.6925318431854248), np.float64(0.6924503946304321), np.float64(0.6925582551956176), np.float64(0.6919893431663513), np.float64(0.6919092202186584), np.float64(0.6915975856781006), np.float64(0.6916476559638977), np.float64(0.6932514762878418), np.float64(0.6931457161903382), np.float64(0.6931534886360169), np.float64(0.6931461906433105), np.float64(0.6931515550613403), np.float64(0.693148000240326), np.float64(0.6931461548805237), np.float64(0.6931456351280212), np.float64(0.6931476426124573), np.float64(0.6931472063064575), np.float64(0.6931456041336059)], 'valid_accs': [np.float64(0.6179923343658448), np.float64(0.5008313679695129), np.float64(0.4996373820304871), np.float64(0.5383726418018341), np.float64(0.5424616742134094), np.float64(0.5186084914207458), np.float64(0.5033490562438965), np.float64(0.5008313679695129), np.float64(0.5045990562438964), np.float64(0.5044428062438965), np.float64(0.5049115562438965), np.float64(0.5045990562438964), np.float64(0.5049115562438965), np.float64(0.5049115562438965), np.float64(0.5049115562438965), np.float64(0.5049115562438965), np.float64(0.5049115562438965), np.float64(0.5049115562438965), np.float64(0.5047553062438965), np.float64(0.5044428062438965), np.float64(0.5045990562438964), np.float64(0.5045990562438964), np.float64(0.5049115562438965), np.float64(0.5052240562438964), np.float64(0.5055365562438965), np.float64(0.5076326656341553), np.float64(0.5076326656341553), np.float64(0.5031485843658448), np.float64(0.5078007078170776), np.float64(0.49916863203048706), np.float64(0.5008313679695129), np.float64(0.49916863203048706), np.float64(0.5008313679695129), np.float64(0.49916863203048706), np.float64(0.49916863203048706), np.float64(0.5008313679695129), np.float64(0.5008313679695129), np.float64(0.5008313679695129), np.float64(0.5008313679695129), np.float64(0.5008313679695129)]})
vocab: Vocab()
model: LSTM(
  (embedding): Embedding(21587, 300, padding_idx=1)
  (lstm): LSTM(300, 256, num_layers=4, batch_first=True, dropout=0.3)
  (fc): Linear(in_features=256, out_features=2, bias=True)
  (dropout): Dropout(p=0.3, inplace=False)
)
optimizer: Adam (
Parameter Group 0
    amsgrad: False
    betas: (0.9, 0.999)
    capturable: False
    differentiable: False
    eps: 1e-08
    foreach: None
    fused: None
    lr: 0.001
    maximize: False
    weight_decay: 0
)
criterion: CrossEntropyLoss()
device: cuda:1
special_tokens: ['<unk>', '<pad>']
unk_index: 0
pad_index: 1
vocab_size: 21587
output_dim: 2
