test_loss: 0.562, test_acc: 0.865
hyper-parameters: Namespace(max_length=256, test_size=0.25, min_freq=5, batch_size=256, embedding_dim=300, n_filters=100, filter_sizes=[3, 5, 7], dropout_rate=0.3, n_epochs=40, device='cuda:1')
metrics: defaultdict(<class 'list'>, {'train_losses': [np.float64(0.6961695930442294), np.float64(0.5226758017733291), np.float64(0.43712010939379), np.float64(0.38912802693006154), np.float64(0.34627750898535187), np.float64(0.31695335378517975), np.float64(0.2868269126157503), np.float64(0.2537547696281124), np.float64(0.22140447100674784), np.float64(0.19161008439353994), np.float64(0.17104966706923536), np.float64(0.15378582185587367), np.float64(0.1255538065892619), np.float64(0.11456514945304072), np.float64(0.09596347114121592), np.float64(0.08960076456738485), np.float64(0.07719837695460867), np.float64(0.06598600886158042), np.float64(0.05794675794203539), np.float64(0.05587913903936341), np.float64(0.04820750238424217), np.float64(0.04306147572257229), np.float64(0.038672436601356476), np.float64(0.03715845868243156), np.float64(0.03300185624912784), np.float64(0.02939009164283807), np.float64(0.029107323130340996), np.float64(0.028267237760529324), np.float64(0.026103271681160944), np.float64(0.027520595470795762), np.float64(0.021105110764855873), np.float64(0.02165557533452237), np.float64(0.021438555716461426), np.float64(0.019518883873683376), np.float64(0.019249542559673254), np.float64(0.017548276180703495), np.float64(0.0195524221525301), np.float64(0.01972114741550507), np.float64(0.016051812710970437), np.float64(0.01868579919588425)], 'train_accs': [np.float64(0.6138789363809534), np.float64(0.7416834670144159), np.float64(0.7942066933657672), np.float64(0.8218876002608119), np.float64(0.8478333418433731), np.float64(0.8632727353959471), np.float64(0.8764899598585593), np.float64(0.8948735143687274), np.float64(0.908136714954634), np.float64(0.921234742209718), np.float64(0.9277786475581091), np.float64(0.9386408836454958), np.float64(0.950722331936295), np.float64(0.9547937552671175), np.float64(0.9635104480627421), np.float64(0.9668888264411205), np.float64(0.9722203298194988), np.float64(0.974926097972973), np.float64(0.9789702755373877), np.float64(0.9799272554951746), np.float64(0.9827845732907992), np.float64(0.9847836744140934), np.float64(0.9868559966216216), np.float64(0.9871199324324325), np.float64(0.9886507601351351), np.float64(0.9906038851351351), np.float64(0.9895413300475558), np.float64(0.9896009290540541), np.float64(0.9916000293718802), np.float64(0.9904319007654447), np.float64(0.9932960304054054), np.float64(0.9919763513513513), np.float64(0.9930848817567568), np.float64(0.9929197084259342), np.float64(0.9935531543718802), np.float64(0.9939294763513513), np.float64(0.9933488175675675), np.float64(0.9929724955880964), np.float64(0.9943517736486487), np.float64(0.9936587286962045)], 'valid_losses': [np.float64(0.4775146877765655), np.float64(0.43312554597854613), np.float64(0.39886802434921265), np.float64(0.3778660535812378), np.float64(0.3527519881725311), np.float64(0.3553334391117096), np.float64(0.3477031183242798), np.float64(0.3362139165401459), np.float64(0.3495163744688034), np.float64(0.34928637742996216), np.float64(0.3403419649600983), np.float64(0.3460295116901398), np.float64(0.36488674640655516), np.float64(0.3603279781341553), np.float64(0.3798599451780319), np.float64(0.40635711550712583), np.float64(0.3894234883785248), np.float64(0.39504925727844237), np.float64(0.4177012151479721), np.float64(0.4183166933059692), np.float64(0.4265184247493744), np.float64(0.4343316912651062), np.float64(0.46069957375526427), np.float64(0.4488214373588562), np.float64(0.4673072278499603), np.float64(0.4640639066696167), np.float64(0.476576155424118), np.float64(0.4857994019985199), np.float64(0.4977293133735657), np.float64(0.5018748533725739), np.float64(0.5072678482532501), np.float64(0.5082513630390167), np.float64(0.5078246688842774), np.float64(0.5217712259292603), np.float64(0.5258592450618744), np.float64(0.5328552770614624), np.float64(0.5337351536750794), np.float64(0.5331744420528411), np.float64(0.5390171182155609), np.float64(0.5429973840713501)], 'valid_accs': [np.float64(0.7752004718780517), np.float64(0.8024528312683106), np.float64(0.8209286570549011), np.float64(0.8341185140609741), np.float64(0.8446137976646423), np.float64(0.8478685140609741), np.float64(0.8496137976646423), np.float64(0.8558637976646424), np.float64(0.8606544828414917), np.float64(0.8561762976646423), np.float64(0.8652505898475646), np.float64(0.8651857328414917), np.float64(0.8662794828414917), np.float64(0.8708755898475647), np.float64(0.8665005898475647), np.float64(0.8623732328414917), np.float64(0.8719428062438965), np.float64(0.8719428062438965), np.float64(0.8695990562438964), np.float64(0.8722553062438965), np.float64(0.8710318398475647), np.float64(0.8745341992378235), np.float64(0.8669693398475647), np.float64(0.8741303062438965), np.float64(0.8684669828414917), np.float64(0.8742482328414917), np.float64(0.8754716992378235), np.float64(0.8753803062438965), np.float64(0.8703803062438965), np.float64(0.8732841992378235), np.float64(0.8716568398475647), np.float64(0.8724115562438964), np.float64(0.8742216992378234), np.float64(0.8724764156341552), np.float64(0.8704716992378235), np.float64(0.8718130898475647), np.float64(0.8715005898475647), np.float64(0.8720607328414917), np.float64(0.8753803062438965), np.float64(0.8756279492378235)]})
vocab: Vocab()
model: CNN(
  (embedding): Embedding(21662, 300, padding_idx=1)
  (convs): ModuleList(
    (0): Conv1d(300, 100, kernel_size=(3,), stride=(1,))
    (1): Conv1d(300, 100, kernel_size=(5,), stride=(1,))
    (2): Conv1d(300, 100, kernel_size=(7,), stride=(1,))
  )
  (fc): Linear(in_features=300, out_features=2, bias=True)
  (dropout): Dropout(p=0.3, inplace=False)
)
optimizer: Adam (
Parameter Group 0
    amsgrad: False
    betas: (0.9, 0.999)
    capturable: False
    differentiable: False
    eps: 1e-08
    foreach: None
    fused: None
    lr: 0.001
    maximize: False
    weight_decay: 0
)
criterion: CrossEntropyLoss()
device: cuda:1
special_tokens: ['<unk>', '<pad>']
unk_index: 0
pad_index: 1
vocab_size: 21662
output_dim: 2
