test_loss: 0.553, test_acc: 0.863
hyper-parameters: Namespace(max_length=256, test_size=0.25, min_freq=5, batch_size=256, embedding_dim=300, n_filters=100, filter_sizes=[3, 5, 7], dropout_rate=0.3, n_epochs=40, device='cuda:2')
metrics: defaultdict(<class 'list'>, {'train_losses': [np.float64(0.6883536263092144), np.float64(0.5216667567555969), np.float64(0.444760090193233), np.float64(0.39816778616325277), np.float64(0.368560249741013), np.float64(0.32301636563765035), np.float64(0.29259342619696177), np.float64(0.26001550196795853), np.float64(0.22685391355205226), np.float64(0.19860459914481318), np.float64(0.1783719030586449), np.float64(0.150387272742149), np.float64(0.1342471154356325), np.float64(0.11410848856777758), np.float64(0.1017741264674712), np.float64(0.08984917422404161), np.float64(0.08368023625902228), np.float64(0.0697229097823839), np.float64(0.05942257770614044), np.float64(0.05302006408974931), np.float64(0.048785413716089084), np.float64(0.03816688895175183), np.float64(0.04285831242245999), np.float64(0.03724493199607005), np.float64(0.03578604392808031), np.float64(0.032460069560722726), np.float64(0.029672687294314038), np.float64(0.026570108108776243), np.float64(0.025826664578572318), np.float64(0.024341151376280026), np.float64(0.02340725257464156), np.float64(0.021058399098094652), np.float64(0.02125633419868914), np.float64(0.019650712552656595), np.float64(0.021926218530515563), np.float64(0.01766273274552077), np.float64(0.01898361912085297), np.float64(0.016371338496085356), np.float64(0.016506777594897996), np.float64(0.01586412506278705)], 'train_accs': [np.float64(0.6165438366902841), np.float64(0.7400215235916344), np.float64(0.7877530375042477), np.float64(0.8140478552998723), np.float64(0.8339349933572717), np.float64(0.8578356576932443), np.float64(0.8741792440414429), np.float64(0.8901873770597819), np.float64(0.9073976946843637), np.float64(0.9218017789157661), np.float64(0.929047242209718), np.float64(0.9412666188704001), np.float64(0.9484661068465259), np.float64(0.9547937552671175), np.float64(0.9607263513513513), np.float64(0.9665056934227815), np.float64(0.9672191722972973), np.float64(0.9733884584259342), np.float64(0.9783044763513513), np.float64(0.9803495527924718), np.float64(0.9822107263513513), np.float64(0.9865392736486487), np.float64(0.9844669514411205), np.float64(0.9870075462637721), np.float64(0.9870143581081081), np.float64(0.9886507601351351), np.float64(0.9898120777027027), np.float64(0.9904319007654447), np.float64(0.9910193705880964), np.float64(0.9918111780205289), np.float64(0.9916528165340424), np.float64(0.9930320945945946), np.float64(0.9918111780205289), np.float64(0.9938102791438231), np.float64(0.9924514358108109), np.float64(0.9935599662162162), np.float64(0.9930252827502586), np.float64(0.9950380067567568), np.float64(0.9936127533783784), np.float64(0.9946020865762556)], 'valid_losses': [np.float64(0.4997778677940369), np.float64(0.4291770720481873), np.float64(0.4250785052776337), np.float64(0.3719887542724609), np.float64(0.3558929991722107), np.float64(0.3480565369129181), np.float64(0.33835740566253664), np.float64(0.3310448157787323), np.float64(0.32906592965126036), np.float64(0.3274306255578995), np.float64(0.333994522690773), np.float64(0.3555111265182495), np.float64(0.36272638738155366), np.float64(0.3734048628807068), np.float64(0.3852372574806213), np.float64(0.37077272474765777), np.float64(0.4044677984714508), np.float64(0.3989866459369659), np.float64(0.41811633110046387), np.float64(0.41202762246131897), np.float64(0.42479759216308594), np.float64(0.43688600897789004), np.float64(0.44793201446533204), np.float64(0.45015368700027464), np.float64(0.4577309501171112), np.float64(0.49515250205993655), np.float64(0.4671405303478241), np.float64(0.47730918049812315), np.float64(0.48632496953010557), np.float64(0.49947713017463685), np.float64(0.49345274090766905), np.float64(0.4912737500667572), np.float64(0.5118543434143067), np.float64(0.5166797077655793), np.float64(0.5133756935596466), np.float64(0.5288946330547333), np.float64(0.5364536416530609), np.float64(0.5563649511337281), np.float64(0.546920268535614), np.float64(0.5568366026878357)], 'valid_accs': [np.float64(0.7401238203048706), np.float64(0.799354362487793), np.float64(0.7938590812683105), np.float64(0.8290801882743836), np.float64(0.8385200476646424), np.float64(0.8428950476646423), np.float64(0.8487676882743835), np.float64(0.8551739382743836), np.float64(0.8584551882743835), np.float64(0.8618012976646423), np.float64(0.8622051882743835), np.float64(0.8541715812683105), np.float64(0.8541715812683105), np.float64(0.8573614382743835), np.float64(0.8613974070549011), np.float64(0.8656161570549011), np.float64(0.8616450476646423), np.float64(0.8646137976646423), np.float64(0.8630778312683105), np.float64(0.8660849070549012), np.float64(0.8648997640609741), np.float64(0.8654599070549012), np.float64(0.8638060140609741), np.float64(0.8649646234512329), np.float64(0.8691833734512329), np.float64(0.8592099070549011), np.float64(0.8669310140609742), np.float64(0.8673083734512329), np.float64(0.8677122640609741), np.float64(0.8684021234512329), np.float64(0.8684935140609741), np.float64(0.8680247640609742), np.float64(0.8680247640609742), np.float64(0.8664887976646424), np.float64(0.8693661570549012), np.float64(0.8686762976646424), np.float64(0.8643661570549012), np.float64(0.8625825476646424), np.float64(0.8635200476646423), np.float64(0.8626474070549012)]})
vocab: Vocab()
model: CNN(
  (embedding): Embedding(21568, 300, padding_idx=1)
  (convs): ModuleList(
    (0): Conv1d(300, 100, kernel_size=(3,), stride=(1,))
    (1): Conv1d(300, 100, kernel_size=(5,), stride=(1,))
    (2): Conv1d(300, 100, kernel_size=(7,), stride=(1,))
  )
  (fc): Linear(in_features=300, out_features=2, bias=True)
  (dropout): Dropout(p=0.3, inplace=False)
)
optimizer: Adam (
Parameter Group 0
    amsgrad: False
    betas: (0.9, 0.999)
    capturable: False
    differentiable: False
    eps: 1e-08
    foreach: None
    fused: None
    lr: 0.001
    maximize: False
    weight_decay: 0
)
criterion: CrossEntropyLoss()
device: cuda:2
special_tokens: ['<unk>', '<pad>']
unk_index: 0
pad_index: 1
vocab_size: 21568
output_dim: 2
