test_loss: 0.574, test_acc: 0.859
hyper-parameters: Namespace(max_length=256, test_size=0.25, min_freq=5, batch_size=256, embedding_dim=300, n_filters=100, filter_sizes=[3, 5, 7], dropout_rate=0.3, n_epochs=40, device='cuda:1')
metrics: defaultdict(<class 'list'>, {'train_losses': [np.float64(0.7176553574768273), np.float64(0.5220172602582622), np.float64(0.45745005639823705), np.float64(0.40417239472672745), np.float64(0.3724130392074585), np.float64(0.3292328034703796), np.float64(0.3005507956888225), np.float64(0.26703170042585683), np.float64(0.24632730778004672), np.float64(0.2137371319774035), np.float64(0.1940109548536507), np.float64(0.17245834562424067), np.float64(0.14212081641764254), np.float64(0.1292293970850674), np.float64(0.11451844820702398), np.float64(0.09676033681308902), np.float64(0.08454403432237136), np.float64(0.07676852585093395), np.float64(0.07332831515452347), np.float64(0.05920266918838024), np.float64(0.05477738576764996), np.float64(0.045934846423364976), np.float64(0.04600640328449977), np.float64(0.037859250665516465), np.float64(0.034222427176664), np.float64(0.03365299960824888), np.float64(0.031935740841200225), np.float64(0.03225200857363037), np.float64(0.027185325573727086), np.float64(0.026229979105394433), np.float64(0.023799740331801208), np.float64(0.024121454888577195), np.float64(0.022424530036546087), np.float64(0.01948347723589757), np.float64(0.020461016322007856), np.float64(0.019547377683134196), np.float64(0.0178272832386397), np.float64(0.02025603346300085), np.float64(0.017422857905133954), np.float64(0.01517999086315064)], 'train_accs': [np.float64(0.6148001575792158), np.float64(0.7404949052913768), np.float64(0.7852652298437582), np.float64(0.8125493816427283), np.float64(0.8319171610716227), np.float64(0.854840412333205), np.float64(0.8686570259364875), np.float64(0.8846787810325623), np.float64(0.8976644229244541), np.float64(0.9111319603146734), np.float64(0.9203169265308896), np.float64(0.929244768780631), np.float64(0.9436028768887391), np.float64(0.9498709263028325), np.float64(0.9568064784681475), np.float64(0.9636619985103607), np.float64(0.9685848266691774), np.float64(0.9712497269785082), np.float64(0.9728673986486487), np.float64(0.9787267736486487), np.float64(0.9803103885135135), np.float64(0.983424831081081), np.float64(0.9839527027027027), np.float64(0.9857866304951746), np.float64(0.9880701013513513), np.float64(0.9881228885135135), np.float64(0.9890662455880964), np.float64(0.9893897804054054), np.float64(0.9903399493243243), np.float64(0.9911317567567568), np.float64(0.9920819256756757), np.float64(0.9911249449124208), np.float64(0.9920291385135135), np.float64(0.9935599662162162), np.float64(0.9939226645070154), np.float64(0.9933488175675675), np.float64(0.994074214954634), np.float64(0.9920819256756757), np.float64(0.9932432432432432), np.float64(0.9946157094594594)], 'valid_losses': [np.float64(0.4671694576740265), np.float64(0.41062063694000245), np.float64(0.39130437493324277), np.float64(0.37658127784729006), np.float64(0.3831665909290314), np.float64(0.3412939429283142), np.float64(0.3222023218870163), np.float64(0.332562997341156), np.float64(0.31321073353290557), np.float64(0.3114582520723343), np.float64(0.3114338904619217), np.float64(0.31920386135578155), np.float64(0.32177183508872986), np.float64(0.32107251226902006), np.float64(0.330316920876503), np.float64(0.3294035005569458), np.float64(0.3436788135766983), np.float64(0.350199756026268), np.float64(0.35971965789794924), np.float64(0.3576597857475281), np.float64(0.3682368302345276), np.float64(0.3732325053215027), np.float64(0.396877361536026), np.float64(0.386680006980896), np.float64(0.38857704877853394), np.float64(0.3994233119487762), np.float64(0.41684786915779115), np.float64(0.41554118037223814), np.float64(0.41816060066223143), np.float64(0.41885350942611693), np.float64(0.4304442489147186), np.float64(0.4351791262626648), np.float64(0.4466861271858215), np.float64(0.4616662287712097), np.float64(0.4536602234840393), np.float64(0.4710369348526001), np.float64(0.4688432490825653), np.float64(0.4948284637928009), np.float64(0.4946641254425049), np.float64(0.49873746633529664)], 'valid_accs': [np.float64(0.7759433960914612), np.float64(0.8097965812683106), np.float64(0.8205247640609741), np.float64(0.8308755898475647), np.float64(0.8262529492378234), np.float64(0.8470872640609741), np.float64(0.8593130898475647), np.float64(0.8552505898475647), np.float64(0.8677240562438965), np.float64(0.8717216992378235), np.float64(0.8754716992378235), np.float64(0.8715654492378235), np.float64(0.8735966992378235), np.float64(0.8738443398475647), np.float64(0.8767216992378235), np.float64(0.8762529492378235), np.float64(0.8766568398475647), np.float64(0.8754716992378235), np.float64(0.8768514156341553), np.float64(0.8799115562438965), np.float64(0.8774115562438964), np.float64(0.8788443398475647), np.float64(0.8768130898475647), np.float64(0.8790654492378235), np.float64(0.8793130898475647), np.float64(0.8802240562438964), np.float64(0.8763708734512329), np.float64(0.8779333734512329), np.float64(0.8807193398475647), np.float64(0.8819044828414917), np.float64(0.8812264156341553), np.float64(0.8791303062438964), np.float64(0.8786615562438965), np.float64(0.8789740562438965), np.float64(0.8822553062438965), np.float64(0.8796255898475647), np.float64(0.8807841992378235), np.float64(0.8741568398475646), np.float64(0.8761232328414917), np.float64(0.8794044828414918)]})
vocab: Vocab()
model: CNN(
  (embedding): Embedding(21618, 300, padding_idx=1)
  (convs): ModuleList(
    (0): Conv1d(300, 100, kernel_size=(3,), stride=(1,))
    (1): Conv1d(300, 100, kernel_size=(5,), stride=(1,))
    (2): Conv1d(300, 100, kernel_size=(7,), stride=(1,))
  )
  (fc): Linear(in_features=300, out_features=2, bias=True)
  (dropout): Dropout(p=0.3, inplace=False)
)
optimizer: Adam (
Parameter Group 0
    amsgrad: False
    betas: (0.9, 0.999)
    capturable: False
    differentiable: False
    eps: 1e-08
    foreach: None
    fused: None
    lr: 0.001
    maximize: False
    weight_decay: 0
)
criterion: CrossEntropyLoss()
device: cuda:1
special_tokens: ['<unk>', '<pad>']
unk_index: 0
pad_index: 1
vocab_size: 21618
output_dim: 2
