test_loss: 0.550, test_acc: 0.866
hyper-parameters: Namespace(max_length=256, test_size=0.25, min_freq=5, batch_size=256, embedding_dim=300, n_filters=100, filter_sizes=[3, 5, 7], dropout_rate=0.3, n_epochs=40, device='cuda:1')
metrics: defaultdict(<class 'list'>, {'train_losses': [np.float64(0.7015913555750976), np.float64(0.5210703107956294), np.float64(0.45193056681671656), np.float64(0.39798132994690455), np.float64(0.357302076913215), np.float64(0.32209535506931514), np.float64(0.3003387122943595), np.float64(0.26187786198145635), np.float64(0.23392503930104747), np.float64(0.2058049355809753), np.float64(0.1859994990801489), np.float64(0.16352149813964562), np.float64(0.1411530300974846), np.float64(0.11726776419861897), np.float64(0.1067813002579921), np.float64(0.09380095905146084), np.float64(0.0817945448278978), np.float64(0.06592335486532869), np.float64(0.06629514699248043), np.float64(0.05554100720060838), np.float64(0.05254645768955753), np.float64(0.04363847809617181), np.float64(0.037698931199171254), np.float64(0.036143041769596373), np.float64(0.03515423648059368), np.float64(0.032453947222313366), np.float64(0.03144581968317161), np.float64(0.027349823594999476), np.float64(0.02749333277697096), np.float64(0.025641138130496885), np.float64(0.02233087383147732), np.float64(0.021689752853047604), np.float64(0.022686857107170933), np.float64(0.021935379346580925), np.float64(0.02130713185131852), np.float64(0.021478017962009117), np.float64(0.018603245693107916), np.float64(0.022456327003326167), np.float64(0.01770710850109321), np.float64(0.01738254141339378)], 'train_accs': [np.float64(0.6112634177143509), np.float64(0.7399414906630645), np.float64(0.7836679920956895), np.float64(0.8178093666965897), np.float64(0.8395968417863588), np.float64(0.8574593365192413), np.float64(0.86944883336892), np.float64(0.8868754087267695), np.float64(0.9020048903452383), np.float64(0.9164890066997425), np.float64(0.9239200764411205), np.float64(0.9349713244953671), np.float64(0.9427514704498084), np.float64(0.9544634094109407), np.float64(0.9595769531018025), np.float64(0.9641507050475558), np.float64(0.969066722972973), np.float64(0.9762253431049553), np.float64(0.9763973266691774), np.float64(0.9799868536962045), np.float64(0.981471706081081), np.float64(0.9848432726151234), np.float64(0.9875882050475558), np.float64(0.9872714820745829), np.float64(0.9878589527027027), np.float64(0.9882676271167962), np.float64(0.9883800124799883), np.float64(0.9896009290540541), np.float64(0.9902803503178261), np.float64(0.9913360935610693), np.float64(0.9913956925675675), np.float64(0.9925961744140934), np.float64(0.9923322386032826), np.float64(0.9922334753178261), np.float64(0.9927017487384178), np.float64(0.9920819256756757), np.float64(0.9933879818465259), np.float64(0.9909733952702703), np.float64(0.993137668918919), np.float64(0.9937183277027027)], 'valid_losses': [np.float64(0.4856194579601288), np.float64(0.4293252742290497), np.float64(0.3931777846813202), np.float64(0.3755050837993622), np.float64(0.35641679525375364), np.float64(0.34843828678131106), np.float64(0.33471778988838197), np.float64(0.33195132851600645), np.float64(0.32695080935955045), np.float64(0.340492377281189), np.float64(0.35750544428825376), np.float64(0.35724685072898865), np.float64(0.3502941912412643), np.float64(0.35586986064910886), np.float64(0.3874812829494476), np.float64(0.38056046307086944), np.float64(0.37796751260757444), np.float64(0.3855113989114761), np.float64(0.39847104012966156), np.float64(0.42627020001411436), np.float64(0.4119812953472137), np.float64(0.44387398302555087), np.float64(0.43067265510559083), np.float64(0.44397679805755613), np.float64(0.4531964945793152), np.float64(0.4674374461174011), np.float64(0.4540110504627228), np.float64(0.46775261998176576), np.float64(0.47930251359939574), np.float64(0.4842511081695557), np.float64(0.5003151440620422), np.float64(0.5086599540710449), np.float64(0.5138814401626587), np.float64(0.5179380500316619), np.float64(0.5279958021640777), np.float64(0.5269815981388092), np.float64(0.5320462715625763), np.float64(0.5614241588115693), np.float64(0.545217033624649), np.float64(0.5573339557647705)], 'valid_accs': [np.float64(0.7663738203048706), np.float64(0.8031043624877929), np.float64(0.8196285390853881), np.float64(0.8295754718780518), np.float64(0.8407075476646423), np.float64(0.8433903312683105), np.float64(0.8503301882743836), np.float64(0.8584021234512329), np.float64(0.8615654492378235), np.float64(0.8612794828414917), np.float64(0.8585318398475646), np.float64(0.8647818398475647), np.float64(0.8684404492378235), np.float64(0.8707841992378235), np.float64(0.8679716992378235), np.float64(0.8747169828414917), np.float64(0.8729716992378235), np.float64(0.8753803062438965), np.float64(0.8759404492378234), np.float64(0.8695341992378235), np.float64(0.8748083734512329), np.float64(0.8712529492378235), np.float64(0.8740005898475647), np.float64(0.8740654492378235), np.float64(0.8735318398475647), np.float64(0.8733755898475647), np.float64(0.8758490562438965), np.float64(0.8752505898475647), np.float64(0.8772553062438965), np.float64(0.8773201656341553), np.float64(0.8751591992378235), np.float64(0.8757841992378235), np.float64(0.8752240562438964), np.float64(0.8758490562438965), np.float64(0.8758490562438965), np.float64(0.8781014156341552), np.float64(0.8770990562438965), np.float64(0.8737264156341553), np.float64(0.8773466992378235), np.float64(0.8736232328414917)]})
vocab: Vocab()
model: CNN(
  (embedding): Embedding(21520, 300, padding_idx=1)
  (convs): ModuleList(
    (0): Conv1d(300, 100, kernel_size=(3,), stride=(1,))
    (1): Conv1d(300, 100, kernel_size=(5,), stride=(1,))
    (2): Conv1d(300, 100, kernel_size=(7,), stride=(1,))
  )
  (fc): Linear(in_features=300, out_features=2, bias=True)
  (dropout): Dropout(p=0.3, inplace=False)
)
optimizer: Adam (
Parameter Group 0
    amsgrad: False
    betas: (0.9, 0.999)
    capturable: False
    differentiable: False
    eps: 1e-08
    foreach: None
    fused: None
    lr: 0.001
    maximize: False
    weight_decay: 0
)
criterion: CrossEntropyLoss()
device: cuda:1
special_tokens: ['<unk>', '<pad>']
unk_index: 0
pad_index: 1
vocab_size: 21520
output_dim: 2
