test_loss: 0.558, test_acc: 0.863
hyper-parameters: Namespace(max_length=256, test_size=0.25, min_freq=5, batch_size=256, embedding_dim=300, n_filters=100, filter_sizes=[3, 5, 7], dropout_rate=0.3, n_epochs=40, device='cuda:1')
metrics: defaultdict(<class 'list'>, {'train_losses': [np.float64(0.6808896531929841), np.float64(0.5119232531334903), np.float64(0.4533800808964549), np.float64(0.39300831105258016), np.float64(0.3560934207729391), np.float64(0.32051031351894943), np.float64(0.2792568241019507), np.float64(0.25564445575346817), np.float64(0.23066882366264188), np.float64(0.1972236389646659), np.float64(0.16924585341601758), np.float64(0.1451742190968346), np.float64(0.13186050961549217), np.float64(0.10698581527213792), np.float64(0.10019034313390383), np.float64(0.08528325918155748), np.float64(0.07633397592281974), np.float64(0.06533965692427512), np.float64(0.062151349124473496), np.float64(0.05066824188405598), np.float64(0.04977704134039782), np.float64(0.04357140158882012), np.float64(0.03866933999784492), np.float64(0.03350988513714558), np.float64(0.03201685620572518), np.float64(0.029700686966345924), np.float64(0.028202488880000404), np.float64(0.0273946304868504), np.float64(0.029842506571849052), np.float64(0.0263200933994675), np.float64(0.024861059214517072), np.float64(0.023121498877534997), np.float64(0.022251347639925173), np.float64(0.02201794774107937), np.float64(0.019940945046098047), np.float64(0.021668992172045685), np.float64(0.01684469177161117), np.float64(0.018006906284623453), np.float64(0.015477588428561954), np.float64(0.018950430701511936)], 'train_accs': [np.float64(0.6248177990720079), np.float64(0.745780432546461), np.float64(0.7846266756186614), np.float64(0.8217803231767706), np.float64(0.8442693570175687), np.float64(0.8582187907115834), np.float64(0.8816886439516738), np.float64(0.8939625105342349), np.float64(0.9029754931862289), np.float64(0.9206591925105533), np.float64(0.9319301022065652), np.float64(0.9415373657200787), np.float64(0.9471924039157661), np.float64(0.9583168722487785), np.float64(0.9604743348585593), np.float64(0.9680041678853937), np.float64(0.9718048435610693), np.float64(0.9760210054951746), np.float64(0.9772351102249043), np.float64(0.9831081081081081), np.float64(0.9820319309427932), np.float64(0.9836291678853937), np.float64(0.985377956081081), np.float64(0.9888550969394477), np.float64(0.9892773942367451), np.float64(0.9904983108108109), np.float64(0.9901747759935018), np.float64(0.9896009290540541), np.float64(0.9890730574324325), np.float64(0.9903399493243243), np.float64(0.9910721577502586), np.float64(0.9916528165340424), np.float64(0.9922930743243243), np.float64(0.9919763513513513), np.float64(0.993137668918919), np.float64(0.9927153716216216), np.float64(0.9940878378378378), np.float64(0.993817090182691), np.float64(0.9950380067567568), np.float64(0.9929197084259342)], 'valid_losses': [np.float64(0.4754540884494782), np.float64(0.4272125673294067), np.float64(0.3958887827396393), np.float64(0.3714051854610443), np.float64(0.40495460033416747), np.float64(0.3364272689819336), np.float64(0.3506633174419403), np.float64(0.3218637102842331), np.float64(0.38341667771339416), np.float64(0.3189947938919067), np.float64(0.342869188785553), np.float64(0.33643626868724824), np.float64(0.3316076576709747), np.float64(0.346574569940567), np.float64(0.35844495534896853), np.float64(0.36095457673072817), np.float64(0.36988977193832395), np.float64(0.3871989858150482), np.float64(0.3880713200569153), np.float64(0.3965382242202759), np.float64(0.3990762782096863), np.float64(0.41066200733184816), np.float64(0.436619713306427), np.float64(0.41564499378204345), np.float64(0.434806387424469), np.float64(0.4350237655639648), np.float64(0.44529173731803895), np.float64(0.44399614572525026), np.float64(0.451467432975769), np.float64(0.4495898509025574), np.float64(0.46873835802078245), np.float64(0.4693984746932983), np.float64(0.47515361905097964), np.float64(0.5208649790287018), np.float64(0.4964941596984863), np.float64(0.5086396372318268), np.float64(0.520683114528656), np.float64(0.5238653373718262), np.float64(0.5355860805511474), np.float64(0.532284460067749)], 'valid_accs': [np.float64(0.7747965812683105), np.float64(0.80288325548172), np.float64(0.8150058960914612), np.float64(0.83600825548172), np.float64(0.817948112487793), np.float64(0.8510996460914612), np.float64(0.850760612487793), np.float64(0.8594840812683106), np.float64(0.8327004718780517), np.float64(0.8690801882743835), np.float64(0.8676090812683106), np.float64(0.8679215812683105), np.float64(0.8712942218780517), np.float64(0.8726739382743836), np.float64(0.8724528312683105), np.float64(0.8762028312683106), np.float64(0.8734817218780517), np.float64(0.8728301882743835), np.float64(0.8720754718780518), np.float64(0.8724528312683105), np.float64(0.8734551882743835), np.float64(0.8743926882743835), np.float64(0.8729481124877929), np.float64(0.8747051882743836), np.float64(0.8773879718780517), np.float64(0.8747965812683105), np.float64(0.8754864382743835), np.float64(0.873260612487793), np.float64(0.8736379718780518), np.float64(0.8724911570549011), np.float64(0.8740801882743835), np.float64(0.8758637976646423), np.float64(0.8723879718780517), np.float64(0.8726739382743836), np.float64(0.872791862487793), np.float64(0.8746786570549011), np.float64(0.8743012976646424), np.float64(0.8747317218780517), np.float64(0.8744192218780518), np.float64(0.8725442218780518)]})
vocab: Vocab()
model: CNN(
  (embedding): Embedding(21576, 300, padding_idx=1)
  (convs): ModuleList(
    (0): Conv1d(300, 100, kernel_size=(3,), stride=(1,))
    (1): Conv1d(300, 100, kernel_size=(5,), stride=(1,))
    (2): Conv1d(300, 100, kernel_size=(7,), stride=(1,))
  )
  (fc): Linear(in_features=300, out_features=2, bias=True)
  (dropout): Dropout(p=0.3, inplace=False)
)
optimizer: Adam (
Parameter Group 0
    amsgrad: False
    betas: (0.9, 0.999)
    capturable: False
    differentiable: False
    eps: 1e-08
    foreach: None
    fused: None
    lr: 0.001
    maximize: False
    weight_decay: 0
)
criterion: CrossEntropyLoss()
device: cuda:1
special_tokens: ['<unk>', '<pad>']
unk_index: 0
pad_index: 1
vocab_size: 21576
output_dim: 2
