test_loss: 0.408, test_acc: 0.866
hyper-parameters: Namespace(max_length=256, test_size=0.25, min_freq=5, batch_size=256, embedding_dim=300, n_filters=100, filter_sizes=[3, 5, 7], dropout_rate=0.3, n_epochs=20, device='cuda:2')
metrics: defaultdict(<class 'list'>, {'train_losses': [np.float64(0.6984384921756951), np.float64(0.5197351707800014), np.float64(0.44857243871366653), np.float64(0.39953266648021907), np.float64(0.35567654629011414), np.float64(0.32199529820197337), np.float64(0.28696079552173615), np.float64(0.26328309424020147), np.float64(0.24057511340927434), np.float64(0.21374365345046326), np.float64(0.18075722053244309), np.float64(0.16822706907987595), np.float64(0.14340319635497556), np.float64(0.12366508319973946), np.float64(0.10889762911844898), np.float64(0.0991984078710949), np.float64(0.08367274736834539), np.float64(0.07518762959217704), np.float64(0.06280820408987033), np.float64(0.05661070132879792)], 'train_accs': [np.float64(0.6171244954740679), np.float64(0.7417090100211066), np.float64(0.7875163466543764), np.float64(0.8195513430479411), np.float64(0.843748297240283), np.float64(0.8577556255701426), np.float64(0.8761136386845563), np.float64(0.8898246779635146), np.float64(0.8985413715646073), np.float64(0.9124908044531539), np.float64(0.9273376190984571), np.float64(0.9322332031018025), np.float64(0.943107358507208), np.float64(0.9510526777924718), np.float64(0.9589707521167962), np.float64(0.9619796203600394), np.float64(0.9689475257654447), np.float64(0.9703268030205289), np.float64(0.9766612624799883), np.float64(0.9795049581978772)], 'valid_losses': [np.float64(0.47434040665626526), np.float64(0.42027261972427365), np.float64(0.38610523819923404), np.float64(0.38338862419128417), np.float64(0.3451274013519287), np.float64(0.3386540937423706), np.float64(0.32571577072143554), np.float64(0.3190712505578995), np.float64(0.3242843770980835), np.float64(0.32453767776489256), np.float64(0.31739972829818724), np.float64(0.34888819575309754), np.float64(0.3238776659965515), np.float64(0.33771894037723543), np.float64(0.3520146733522415), np.float64(0.35447677969932556), np.float64(0.3634370774030685), np.float64(0.37487404346466063), np.float64(0.39670414447784424), np.float64(0.39362822234630584)], 'valid_accs': [np.float64(0.7674262976646423), np.float64(0.8046403312683106), np.float64(0.819666862487793), np.float64(0.822791862487793), np.float64(0.8447051882743836), np.float64(0.8525825476646424), np.float64(0.8553036570549011), np.float64(0.8599911570549011), np.float64(0.8570224070549011), np.float64(0.8659286570549011), np.float64(0.8668661570549011), np.float64(0.8601208734512329), np.float64(0.8677387976646423), np.float64(0.8703419828414917), np.float64(0.8716185140609741), np.float64(0.8716833734512329), np.float64(0.8716185140609741), np.float64(0.8717747640609741), np.float64(0.8710200476646424), np.float64(0.8703301882743836)]})
vocab: Vocab()
model: CNN(
  (embedding): Embedding(21633, 300, padding_idx=1)
  (convs): ModuleList(
    (0): Conv1d(300, 100, kernel_size=(3,), stride=(1,))
    (1): Conv1d(300, 100, kernel_size=(5,), stride=(1,))
    (2): Conv1d(300, 100, kernel_size=(7,), stride=(1,))
  )
  (fc): Linear(in_features=300, out_features=2, bias=True)
  (dropout): Dropout(p=0.3, inplace=False)
)
optimizer: Adam (
Parameter Group 0
    amsgrad: False
    betas: (0.9, 0.999)
    capturable: False
    differentiable: False
    eps: 1e-08
    foreach: None
    fused: None
    lr: 0.001
    maximize: False
    weight_decay: 0
)
criterion: CrossEntropyLoss()
device: cuda:2
special_tokens: ['<unk>', '<pad>']
unk_index: 0
pad_index: 1
vocab_size: 21633
output_dim: 2
