test_loss: 0.548, test_acc: 0.867
hyper-parameters: Namespace(max_length=256, test_size=0.25, min_freq=5, batch_size=256, embedding_dim=300, n_filters=100, filter_sizes=[3, 5, 7], dropout_rate=0.3, n_epochs=40, device='cuda:1')
metrics: defaultdict(<class 'list'>, {'train_losses': [np.float64(0.7002980233849706), np.float64(0.5156147697487393), np.float64(0.4472547612480215), np.float64(0.40039657056331635), np.float64(0.3571574498672743), np.float64(0.31684285422434677), np.float64(0.2864343860262149), np.float64(0.25888127108683456), np.float64(0.2333641207298717), np.float64(0.20999828001131882), np.float64(0.1838551986257772), np.float64(0.16078864747809396), np.float64(0.13751604659734545), np.float64(0.13142735803046743), np.float64(0.10944620842063749), np.float64(0.09343021131447844), np.float64(0.08023032666863622), np.float64(0.07350455149001367), np.float64(0.06397079706594751), np.float64(0.05477318781855944), np.float64(0.048847933350181255), np.float64(0.047138060669641234), np.float64(0.04630408259863789), np.float64(0.039694159367197265), np.float64(0.036385344995840174), np.float64(0.0315753331131025), np.float64(0.030779875097544613), np.float64(0.02713275856237758), np.float64(0.027088771989518725), np.float64(0.024641614810035035), np.float64(0.028099551796913147), np.float64(0.02256324665771948), np.float64(0.0200884270016104), np.float64(0.020643410681923095), np.float64(0.02239935815246222), np.float64(0.020864199324687187), np.float64(0.020606834362764413), np.float64(0.01780551756933533), np.float64(0.01785065041464829), np.float64(0.01847728729921368)], 'train_accs': [np.float64(0.6143863748859715), np.float64(0.7442410910451734), np.float64(0.7895750459787008), np.float64(0.8154339443992924), np.float64(0.8414460952217514), np.float64(0.8611476268317249), np.float64(0.8749523211169887), np.float64(0.8913691285494212), np.float64(0.9023488582791509), np.float64(0.9140488771167962), np.float64(0.9258800124799883), np.float64(0.9343787455880964), np.float64(0.9460838735103607), np.float64(0.9467105076119706), np.float64(0.9574586555764482), np.float64(0.965793918918919), np.float64(0.9702212286962045), np.float64(0.9735008445945946), np.float64(0.9762917523448532), np.float64(0.980785472972973), np.float64(0.9827913851351351), np.float64(0.9825274493243243), np.float64(0.9831012962637721), np.float64(0.9860505663059853), np.float64(0.9871590967113907), np.float64(0.9889146959459459), np.float64(0.9901219888313396), np.float64(0.9899568163059853), np.float64(0.9905970732907992), np.float64(0.9909206081081081), np.float64(0.9900232263513513), np.float64(0.9916987926573366), np.float64(0.9928141341016099), np.float64(0.9932892185610693), np.float64(0.9915404311708502), np.float64(0.9925570101351351), np.float64(0.9919763513513513), np.float64(0.9939226645070154), np.float64(0.9934016047297297), np.float64(0.9937711148648649)], 'valid_losses': [np.float64(0.47935412168502806), np.float64(0.4134910821914673), np.float64(0.41164501905441286), np.float64(0.3547678196430206), np.float64(0.33819582223892214), np.float64(0.33726086616516116), np.float64(0.333527272939682), np.float64(0.3217290538549423), np.float64(0.318171494603157), np.float64(0.32498079895973203), np.float64(0.3231793713569641), np.float64(0.33929443717002866), np.float64(0.33959090828895566), np.float64(0.3500523388385773), np.float64(0.3439897620677948), np.float64(0.3515516173839569), np.float64(0.4445908260345459), np.float64(0.370322037935257), np.float64(0.37172428727149964), np.float64(0.387557110786438), np.float64(0.4144601559638977), np.float64(0.4172889745235443), np.float64(0.40837639331817627), np.float64(0.4172562289237976), np.float64(0.4279087233543396), np.float64(0.42860802412033083), np.float64(0.4298933041095734), np.float64(0.4434315085411072), np.float64(0.45500702142715455), np.float64(0.46067338466644286), np.float64(0.4709459531307221), np.float64(0.4712509274482727), np.float64(0.4791398501396179), np.float64(0.4929813754558563), np.float64(0.5064952147006988), np.float64(0.5024403738975525), np.float64(0.508520165681839), np.float64(0.513615266084671), np.float64(0.5138178145885468), np.float64(0.5290070176124573)], 'valid_accs': [np.float64(0.7682753539085388), np.float64(0.8113974070549012), np.float64(0.8059817218780517), np.float64(0.8442482328414918), np.float64(0.8531928062438965), np.float64(0.8516833734512329), np.float64(0.8583755898475647), np.float64(0.8641303062438965), np.float64(0.8690654492378235), np.float64(0.8716303062438965), np.float64(0.8713178062438964), np.float64(0.8710053062438965), np.float64(0.8710053062438965), np.float64(0.8726975250244141), np.float64(0.875822525024414), np.float64(0.8761350250244141), np.float64(0.8568130898475647), np.float64(0.8770076656341552), np.float64(0.8783225250244141), np.float64(0.8752889156341552), np.float64(0.8712529492378235), np.float64(0.8745990562438964), np.float64(0.8797553062438965), np.float64(0.8792865562438965), np.float64(0.8794693398475647), np.float64(0.8782193398475647), np.float64(0.8788443398475647), np.float64(0.8777505898475647), np.float64(0.8774380898475647), np.float64(0.8802889156341552), np.float64(0.876527123451233), np.float64(0.8796904492378235), np.float64(0.8803154492378235), np.float64(0.8810318398475647), np.float64(0.8784669828414917), np.float64(0.8785318398475647), np.float64(0.8775943398475647), np.float64(0.8794693398475647), np.float64(0.8781544828414917), np.float64(0.8776857328414917)]})
vocab: Vocab()
model: CNN(
  (embedding): Embedding(21533, 300, padding_idx=1)
  (convs): ModuleList(
    (0): Conv1d(300, 100, kernel_size=(3,), stride=(1,))
    (1): Conv1d(300, 100, kernel_size=(5,), stride=(1,))
    (2): Conv1d(300, 100, kernel_size=(7,), stride=(1,))
  )
  (fc): Linear(in_features=300, out_features=2, bias=True)
  (dropout): Dropout(p=0.3, inplace=False)
)
optimizer: Adam (
Parameter Group 0
    amsgrad: False
    betas: (0.9, 0.999)
    capturable: False
    differentiable: False
    eps: 1e-08
    foreach: None
    fused: None
    lr: 0.001
    maximize: False
    weight_decay: 0
)
criterion: CrossEntropyLoss()
device: cuda:1
special_tokens: ['<unk>', '<pad>']
unk_index: 0
pad_index: 1
vocab_size: 21533
output_dim: 2
