test_loss: 0.668, test_acc: 0.837
hyper-parameters: Namespace(max_length=256, test_size=0.25, min_freq=5, batch_size=256, embedding_dim=300, n_filters=100, filter_sizes=[3, 5, 7], dropout_rate=0.3, n_epochs=40, device='cuda:1')
metrics: defaultdict(<class 'list'>, {'train_losses': [np.float64(0.693077652841001), np.float64(0.6911712014997328), np.float64(0.692946260845339), np.float64(0.6889096659583014), np.float64(0.6713396061111141), np.float64(0.6317523427911707), np.float64(0.5775285395416053), np.float64(0.550310231141142), np.float64(0.6392340241251765), np.float64(0.46075002124180664), np.float64(0.43477085716015584), np.float64(0.39603516217824575), np.float64(0.3303081485870722), np.float64(0.3029435774361765), np.float64(0.3152518687216011), np.float64(0.27137383758216294), np.float64(0.2618266809228304), np.float64(0.23299555722120646), np.float64(0.22273723358238065), np.float64(0.2029649560918679), np.float64(0.1859921013584008), np.float64(0.171677286560471), np.float64(0.15851982109047272), np.float64(0.148432822747005), np.float64(0.13351386745233793), np.float64(0.13126453581089909), np.float64(0.12107001562174913), np.float64(0.11923116984198222), np.float64(0.09428473775954666), np.float64(0.09615058084396091), np.float64(0.08617040439433343), np.float64(0.07675144715687714), np.float64(0.07366135842292695), np.float64(0.06858968291104443), np.float64(0.06363330917382562), np.float64(0.058141312008169854), np.float64(0.057865606784518506), np.float64(0.05584052207602842), np.float64(0.05148662110740269), np.float64(0.04226799000910408)], 'train_accs': [np.float64(0.5011885625285071), np.float64(0.5102151672582369), np.float64(0.5075945399097495), np.float64(0.5292372763962359), np.float64(0.568987712666795), np.float64(0.6533296776784433), np.float64(0.7241308850211066), np.float64(0.7187772449609395), np.float64(0.6096031762458183), np.float64(0.7933893445375804), np.float64(0.8109146823754182), np.float64(0.8333287923722654), np.float64(0.8648887035009023), np.float64(0.8741860558857789), np.float64(0.8718770428283794), np.float64(0.8925576910779283), np.float64(0.8990896763028325), np.float64(0.9117381621051479), np.float64(0.9168721389126133), np.float64(0.9244734902639646), np.float64(0.928987644008688), np.float64(0.9363778467113907), np.float64(0.9408902976963971), np.float64(0.945246089954634), np.float64(0.9527486780205289), np.float64(0.954635393780631), np.float64(0.9552824618043126), np.float64(0.9581857557232315), np.float64(0.9673179347772856), np.float64(0.9676738228346851), np.float64(0.9708086993243243), np.float64(0.9744510135135135), np.float64(0.9743914145070154), np.float64(0.9764041385135135), np.float64(0.9785616003178261), np.float64(0.9807190629276069), np.float64(0.9813456978346851), np.float64(0.9832596577502586), np.float64(0.9835235935610693), np.float64(0.9863741003178261)], 'valid_losses': [np.float64(0.675635633468628), np.float64(0.693017053604126), np.float64(0.6924752235412598), np.float64(0.6862450051307678), np.float64(0.6300549387931824), np.float64(0.5993365168571472), np.float64(0.536806527376175), np.float64(0.7000615000724792), np.float64(0.5099808609485627), np.float64(0.443469762802124), np.float64(0.41415351271629336), np.float64(0.4232496380805969), np.float64(0.38313867449760436), np.float64(0.37737316012382505), np.float64(0.4223120069503784), np.float64(0.4425824868679047), np.float64(0.33986011624336243), np.float64(0.4044861233234405), np.float64(0.3428986740112305), np.float64(0.35820111632347107), np.float64(0.3869638788700104), np.float64(0.3465504050254822), np.float64(0.3766438442468643), np.float64(0.37340903759002686), np.float64(0.3796310067176819), np.float64(0.3988726103305817), np.float64(0.4816778862476349), np.float64(0.3941670840978622), np.float64(0.4324406039714813), np.float64(0.42922053813934324), np.float64(0.4183155059814453), np.float64(0.4342916238307953), np.float64(0.45090362429618835), np.float64(0.49038023233413697), np.float64(0.47203475356101987), np.float64(0.512275048494339), np.float64(0.5073988282680512), np.float64(0.5016115045547486), np.float64(0.5111403918266296), np.float64(0.5396702098846435)], 'valid_accs': [np.float64(0.5561320757865906), np.float64(0.5218337273597717), np.float64(0.5151297163963318), np.float64(0.5393602609634399), np.float64(0.6644103765487671), np.float64(0.6532635617256165), np.float64(0.7482488203048706), np.float64(0.49186320781707765), np.float64(0.7733785390853882), np.float64(0.7988472890853882), np.float64(0.8203567218780518), np.float64(0.82538325548172), np.float64(0.843416862487793), np.float64(0.8488974070549011), np.float64(0.81819575548172), np.float64(0.826854362487793), np.float64(0.8577918624877929), np.float64(0.8415153312683106), np.float64(0.866385612487793), np.float64(0.8543926882743835), np.float64(0.8527004718780518), np.float64(0.8652122640609741), np.float64(0.8674911570549011), np.float64(0.8717747640609741), np.float64(0.8717364382743835), np.float64(0.8732989382743835), np.float64(0.8548879718780518), np.float64(0.8684286570549011), np.float64(0.8725825476646424), np.float64(0.8743012976646424), np.float64(0.8726739382743836), np.float64(0.8705778312683106), np.float64(0.8723349070549011), np.float64(0.8683254718780518), np.float64(0.8592629718780518), np.float64(0.8676739382743835), np.float64(0.8687411570549011), np.float64(0.8712676882743835), np.float64(0.8673349070549011), np.float64(0.8701474070549011)]})
vocab: Vocab()
model: LSTM(
  (embedding): Embedding(21607, 300, padding_idx=1)
  (lstm): LSTM(300, 256, num_layers=4, batch_first=True, dropout=0.3)
  (fc): Linear(in_features=256, out_features=2, bias=True)
  (dropout): Dropout(p=0.3, inplace=False)
)
optimizer: Adam (
Parameter Group 0
    amsgrad: False
    betas: (0.9, 0.999)
    capturable: False
    differentiable: False
    eps: 1e-08
    foreach: None
    fused: None
    lr: 0.0005
    maximize: False
    weight_decay: 0
)
criterion: CrossEntropyLoss()
device: cuda:1
special_tokens: ['<unk>', '<pad>']
unk_index: 0
pad_index: 1
vocab_size: 21607
output_dim: 2
