test_loss: 0.575, test_acc: 0.863
hyper-parameters: Namespace(max_length=256, test_size=0.25, min_freq=5, batch_size=256, embedding_dim=300, n_filters=100, filter_sizes=[3, 5, 7], dropout_rate=0.3, n_epochs=40, device='cuda:1')
metrics: defaultdict(<class 'list'>, {'train_losses': [np.float64(0.6996250136478527), np.float64(0.5193713774552217), np.float64(0.4435678841294469), np.float64(0.3940857983118779), np.float64(0.3562310950176136), np.float64(0.32244423394267624), np.float64(0.2888700937902605), np.float64(0.26592420826892593), np.float64(0.24021840457980698), np.float64(0.20663770630552963), np.float64(0.18733161546894023), np.float64(0.17325682867620443), np.float64(0.1390366531103044), np.float64(0.12173524498939514), np.float64(0.10351518863761747), np.float64(0.08934849248947324), np.float64(0.07822158021499982), np.float64(0.07523320746180173), np.float64(0.06278995439611576), np.float64(0.05577414213503535), np.float64(0.05031955496382874), np.float64(0.04223714298191103), np.float64(0.038234323867269465), np.float64(0.03795457190859157), np.float64(0.03349982371956513), np.float64(0.031224180340162805), np.float64(0.03436100289124895), np.float64(0.03084839032207792), np.float64(0.02762380991181409), np.float64(0.023604397454324202), np.float64(0.02606004013403042), np.float64(0.02157209542378582), np.float64(0.022357186327713566), np.float64(0.017794002162141574), np.float64(0.023572018023932707), np.float64(0.018182721611968166), np.float64(0.017850046533764014), np.float64(0.019665174812355357), np.float64(0.01929590562468621), np.float64(0.019571718272935548)], 'train_accs': [np.float64(0.6106708396125484), np.float64(0.744579949894467), np.float64(0.7923727655732954), np.float64(0.819168210029602), np.float64(0.8403767299007725), np.float64(0.8577828705310822), np.float64(0.8761204497234242), np.float64(0.8873300592641573), np.float64(0.8998014516121632), np.float64(0.9169777132369377), np.float64(0.9230737790868089), np.float64(0.9310991304951746), np.float64(0.9464670057232315), np.float64(0.9539559717113907), np.float64(0.9613461744140934), np.float64(0.966030608963322), np.float64(0.9716005067567568), np.float64(0.971573260990349), np.float64(0.9768128129276069), np.float64(0.9811549831081081), np.float64(0.982105152027027), np.float64(0.9855822928853937), np.float64(0.9862157388313396), np.float64(0.9864268874799883), np.float64(0.9883340371621622), np.float64(0.990234375), np.float64(0.9881620527924718), np.float64(0.9891786317567568), np.float64(0.9908082219394477), np.float64(0.9919167523448532), np.float64(0.9901815878378378), np.float64(0.9926625844594594), np.float64(0.9925570101351351), np.float64(0.9940810259935018), np.float64(0.9909733952702703), np.float64(0.9933879818465259), np.float64(0.9935531543718802), np.float64(0.9932432432432432), np.float64(0.9930320945945946), np.float64(0.9934016047297297)], 'valid_losses': [np.float64(0.4849351441860199), np.float64(0.4515067327022553), np.float64(0.39906091928482057), np.float64(0.37219070076942445), np.float64(0.3670070517063141), np.float64(0.34805550694465637), np.float64(0.3410873472690582), np.float64(0.3327935671806335), np.float64(0.3299587923288345), np.float64(0.33066179275512697), np.float64(0.3523517388105393), np.float64(0.35163787364959714), np.float64(0.34584529817104337), np.float64(0.3581966602802277), np.float64(0.36557328701019287), np.float64(0.36528411984443665), np.float64(0.3913544523715973), np.float64(0.3878550863265991), np.float64(0.3966499924659729), np.float64(0.40645384669303897), np.float64(0.41339279770851134), np.float64(0.41787108421325686), np.float64(0.4319665896892548), np.float64(0.44841013550758363), np.float64(0.449517080783844), np.float64(0.4693830096721649), np.float64(0.4650288653373718), np.float64(0.47424049496650694), np.float64(0.48547619342803955), np.float64(0.4862153041362762), np.float64(0.5185318160057067), np.float64(0.5251444375514984), np.float64(0.5138917028903961), np.float64(0.5166409587860108), np.float64(0.5286966776847839), np.float64(0.5349646759033203), np.float64(0.5476612389087677), np.float64(0.5677225136756897), np.float64(0.5728016054630279), np.float64(0.5877575516700745)], 'valid_accs': [np.float64(0.7615683960914612), np.float64(0.7823083734512329), np.float64(0.8151591992378235), np.float64(0.8275943398475647), np.float64(0.8303419828414917), np.float64(0.8486232328414917), np.float64(0.8513443398475647), np.float64(0.8534286570549011), np.float64(0.8597435140609742), np.float64(0.8600294828414917), np.float64(0.8550943398475647), np.float64(0.8581810140609741), np.float64(0.8670607328414917), np.float64(0.8655630898475647), np.float64(0.8669044828414917), np.float64(0.8689357328414917), np.float64(0.8638708734512329), np.float64(0.8662794828414917), np.float64(0.8688708734512329), np.float64(0.8685583734512329), np.float64(0.8677122640609741), np.float64(0.8674911570549011), np.float64(0.8709021234512329), np.float64(0.8663708734512329), np.float64(0.8702771234512329), np.float64(0.8648997640609741), np.float64(0.8673083734512329), np.float64(0.8664357328414917), np.float64(0.8661497640609741), np.float64(0.8681544828414917), np.float64(0.8669958734512329), np.float64(0.8666185140609741), np.float64(0.8651857328414917), np.float64(0.8652505898475646), np.float64(0.8677122640609741), np.float64(0.8676474070549012), np.float64(0.8656161570549011), np.float64(0.8609935140609741), np.float64(0.8669044828414917), np.float64(0.8634021234512329)]})
vocab: Vocab()
model: CNN(
  (embedding): Embedding(21526, 300, padding_idx=1)
  (convs): ModuleList(
    (0): Conv1d(300, 100, kernel_size=(3,), stride=(1,))
    (1): Conv1d(300, 100, kernel_size=(5,), stride=(1,))
    (2): Conv1d(300, 100, kernel_size=(7,), stride=(1,))
  )
  (fc): Linear(in_features=300, out_features=2, bias=True)
  (dropout): Dropout(p=0.3, inplace=False)
)
optimizer: Adam (
Parameter Group 0
    amsgrad: False
    betas: (0.9, 0.999)
    capturable: False
    differentiable: False
    eps: 1e-08
    foreach: None
    fused: None
    lr: 0.001
    maximize: False
    weight_decay: 0
)
criterion: CrossEntropyLoss()
device: cuda:1
special_tokens: ['<unk>', '<pad>']
unk_index: 0
pad_index: 1
vocab_size: 21526
output_dim: 2
