test_loss: 0.504, test_acc: 0.845
hyper-parameters: Namespace(max_length=256, test_size=0.25, min_freq=5, batch_size=256, embedding_dim=300, n_filters=100, filter_sizes=[3, 5, 7], dropout_rate=0.3, n_epochs=40, device='cuda:1')
metrics: defaultdict(<class 'list'>, {'train_losses': [np.float64(0.6927605593526686), np.float64(0.6878082542806059), np.float64(0.6809710409190204), np.float64(0.6764016538052946), np.float64(0.6914305477528959), np.float64(0.6916312470629409), np.float64(0.690625940625732), np.float64(0.6892381938728126), np.float64(0.6867269599759901), np.float64(0.675845163899499), np.float64(0.6562617550025115), np.float64(0.6635412026096035), np.float64(0.6357413933083818), np.float64(0.6014628184808267), np.float64(0.6120502086910041), np.float64(0.5705455312052289), np.float64(0.5713591982383985), np.float64(0.6788531227691753), np.float64(0.6237064543608073), np.float64(0.6151969146889609), np.float64(0.5286867972966787), np.float64(0.44897780184810226), np.float64(0.40233122496991547), np.float64(0.3606252436702316), np.float64(0.3439246021412514), np.float64(0.3129703090400309), np.float64(0.3203871346808769), np.float64(0.2607336140967704), np.float64(0.2386543617860691), np.float64(0.23211712229090767), np.float64(0.21437278530887655), np.float64(0.20071468663376732), np.float64(0.18815245791464238), np.float64(0.17201710562850978), np.float64(0.1643650164273945), np.float64(0.15465772947346842), np.float64(0.14691225061746868), np.float64(0.1344592193695339), np.float64(0.13142144634715608), np.float64(0.11666518938098405)], 'train_accs': [np.float64(0.5056158723057927), np.float64(0.5399394478346851), np.float64(0.5407465809100384), np.float64(0.5930961201319823), np.float64(0.5081751986935332), np.float64(0.5104722912247116), np.float64(0.5172086148648649), np.float64(0.525007491981661), np.float64(0.5352822574409278), np.float64(0.5628303450507086), np.float64(0.6115324622070467), np.float64(0.5669034703357799), np.float64(0.5997626282073356), np.float64(0.6722462128948521), np.float64(0.6139368318222664), np.float64(0.6734943736243892), np.float64(0.7018189430236816), np.float64(0.5476089119911194), np.float64(0.6526689867715578), np.float64(0.669785649389834), np.float64(0.7533766756186614), np.float64(0.8055235799905416), np.float64(0.8270283889126133), np.float64(0.8501082980954969), np.float64(0.8539089737711726), np.float64(0.8708212995851362), np.float64(0.8659785035494212), np.float64(0.8942451775074005), np.float64(0.9065326661676973), np.float64(0.9099178555849436), np.float64(0.9182718500897691), np.float64(0.9232065983720728), np.float64(0.9283065191797308), np.float64(0.9370112926573366), np.float64(0.936107099861712), np.float64(0.94327934207143), np.float64(0.9438872466216216), np.float64(0.950662733735265), np.float64(0.9500820749514812), np.float64(0.9582385428853937)], 'valid_losses': [np.float64(0.6908588361740112), np.float64(0.6906907653808594), np.float64(0.6847766304016113), np.float64(0.6932092142105103), np.float64(0.6910611319541932), np.float64(0.6907211565971374), np.float64(0.6903766965866089), np.float64(0.6902166438102723), np.float64(0.6879643106460571), np.float64(0.6750052881240844), np.float64(0.6912526750564575), np.float64(0.7040307760238648), np.float64(0.6771388721466064), np.float64(0.7407681059837341), np.float64(0.6934017896652221), np.float64(0.7309689831733703), np.float64(0.7573334121704102), np.float64(0.7032620167732239), np.float64(0.652650842666626), np.float64(0.6269908595085144), np.float64(0.5542752611637115), np.float64(0.5050548946857453), np.float64(0.4534017026424408), np.float64(0.44930124521255493), np.float64(0.46597755551338194), np.float64(0.4311997902393341), np.float64(0.42837890625), np.float64(0.40830260276794433), np.float64(0.43549603343009946), np.float64(0.4202116942405701), np.float64(0.4231884574890137), np.float64(0.40221558570861815), np.float64(0.4068155574798584), np.float64(0.4144641089439392), np.float64(0.4499880874156952), np.float64(0.41855592250823975), np.float64(0.4511009407043457), np.float64(0.4293073308467865), np.float64(0.4320401215553284), np.float64(0.47941809058189394)], 'valid_accs': [np.float64(0.5158313679695129), np.float64(0.517081367969513), np.float64(0.5411586093902588), np.float64(0.50375), np.float64(0.5063797163963318), np.float64(0.5074734663963318), np.float64(0.5068867921829223), np.float64(0.5144133257865906), np.float64(0.5149204015731812), np.float64(0.5733313679695129), np.float64(0.5302712273597717), np.float64(0.52576651096344), np.float64(0.59998526096344), np.float64(0.5370430421829223), np.float64(0.5609610843658447), np.float64(0.687833137512207), np.float64(0.5063797163963318), np.float64(0.5116922163963318), np.float64(0.6277446937561035), np.float64(0.6546698117256164), np.float64(0.7350442218780517), np.float64(0.77507075548172), np.float64(0.8093661570549011), np.float64(0.7854215812683105), np.float64(0.8007871460914612), np.float64(0.8282841992378235), np.float64(0.8304068398475647), np.float64(0.8406426882743836), np.float64(0.8360053062438965), np.float64(0.8358254718780518), np.float64(0.8537794828414917), np.float64(0.8593012976646424), np.float64(0.8593012976646424), np.float64(0.8590153312683105), np.float64(0.8592364382743836), np.float64(0.8563708734512329), np.float64(0.8625560140609742), np.float64(0.8546786570549011), np.float64(0.8583254718780517), np.float64(0.8552505898475647)]})
vocab: Vocab()
model: LSTM(
  (embedding): Embedding(21531, 300, padding_idx=1)
  (lstm): LSTM(300, 256, num_layers=2, batch_first=True, dropout=0.3)
  (fc): Linear(in_features=256, out_features=2, bias=True)
  (dropout): Dropout(p=0.3, inplace=False)
)
optimizer: Adam (
Parameter Group 0
    amsgrad: False
    betas: (0.9, 0.999)
    capturable: False
    differentiable: False
    eps: 1e-08
    foreach: None
    fused: None
    lr: 0.0005
    maximize: False
    weight_decay: 0
)
criterion: CrossEntropyLoss()
device: cuda:1
special_tokens: ['<unk>', '<pad>']
unk_index: 0
pad_index: 1
vocab_size: 21531
output_dim: 2
