test_loss: 0.545, test_acc: 0.871
hyper-parameters: Namespace(max_length=256, test_size=0.25, min_freq=5, batch_size=256, embedding_dim=300, n_filters=100, filter_sizes=[3, 5, 7], dropout_rate=0.3, n_epochs=40, device='cuda:1')
metrics: defaultdict(<class 'list'>, {'train_losses': [np.float64(0.6911901783298802), np.float64(0.5186356483279048), np.float64(0.44927666316161285), np.float64(0.40296532817789027), np.float64(0.3628358683876089), np.float64(0.323118997385373), np.float64(0.2979461127841795), np.float64(0.266387682911512), np.float64(0.23921783006674535), np.float64(0.20802065428044345), np.float64(0.17882545856205193), np.float64(0.1585035572784978), np.float64(0.14358684017851547), np.float64(0.1188784449084385), np.float64(0.10593566424339204), np.float64(0.09858699324163231), np.float64(0.08195257534247798), np.float64(0.07347349767145273), np.float64(0.0629534691421164), np.float64(0.055190985594448204), np.float64(0.04700470290373306), np.float64(0.04468200451417549), np.float64(0.043415683938341366), np.float64(0.03500025952234864), np.float64(0.03035426509843485), np.float64(0.028753489130050748), np.float64(0.028329484938719385), np.float64(0.027436162470965773), np.float64(0.024462233951969725), np.float64(0.021591475988562044), np.float64(0.02599438837402173), np.float64(0.023022319253131345), np.float64(0.019136356224456953), np.float64(0.021521986424419527), np.float64(0.022412368008313147), np.float64(0.019137026641417195), np.float64(0.01675457721953658), np.float64(0.01619568474691462), np.float64(0.017037483825776224), np.float64(0.01764564633029639)], 'train_accs': [np.float64(0.6166834670144159), np.float64(0.741676655975548), np.float64(0.7858271574651873), np.float64(0.815716611372458), np.float64(0.8382328893687274), np.float64(0.8568531355342349), np.float64(0.8728204007084305), np.float64(0.886083601294337), np.float64(0.8995579497234242), np.float64(0.9135005715731028), np.float64(0.928544912789319), np.float64(0.938250939588289), np.float64(0.9431277924292797), np.float64(0.9541807432432432), np.float64(0.9583304951319823), np.float64(0.962441081936295), np.float64(0.9692114615762556), np.float64(0.9740150933330124), np.float64(0.9779213433330124), np.float64(0.9813133445945946), np.float64(0.9824082521167962), np.float64(0.9838403165340424), np.float64(0.9844669514411205), np.float64(0.9870671452702703), np.float64(0.9896009290540541), np.float64(0.990551097972973), np.float64(0.9897592905405406), np.float64(0.9908082219394477), np.float64(0.9910125595492285), np.float64(0.9921875), np.float64(0.9905374750897691), np.float64(0.9925570101351351), np.float64(0.9937711148648649), np.float64(0.9926625844594594), np.float64(0.9918179898648649), np.float64(0.9930252827502586), np.float64(0.9942461993243243), np.float64(0.9943977489664748), np.float64(0.994450536128637), np.float64(0.9940350506756757)], 'valid_losses': [np.float64(0.4835293686389923), np.float64(0.4129249358177185), np.float64(0.3830331492424011), np.float64(0.35984027981758115), np.float64(0.34227072715759277), np.float64(0.3322022008895874), np.float64(0.34646537065505983), np.float64(0.32522440850734713), np.float64(0.31711693227291105), np.float64(0.3197197377681732), np.float64(0.3254018968343735), np.float64(0.3236790037155151), np.float64(0.3347167330980301), np.float64(0.3339643180370331), np.float64(0.348192218542099), np.float64(0.35500081181526183), np.float64(0.37227272391319277), np.float64(0.37173485398292544), np.float64(0.3760545480251312), np.float64(0.3820062530040741), np.float64(0.39301518082618714), np.float64(0.4069290065765381), np.float64(0.4221362912654877), np.float64(0.4229430317878723), np.float64(0.4351054298877716), np.float64(0.4429211938381195), np.float64(0.4453509449958801), np.float64(0.44572154521942137), np.float64(0.4517695045471191), np.float64(0.4605564057826996), np.float64(0.4727151525020599), np.float64(0.4692849934101105), np.float64(0.47750145077705386), np.float64(0.49138829708099363), np.float64(0.48522462606430056), np.float64(0.49530171990394595), np.float64(0.5090375363826751), np.float64(0.5179484832286835), np.float64(0.5192901182174683), np.float64(0.5208820807933807)], 'valid_accs': [np.float64(0.769510612487793), np.float64(0.8110849070549011), np.float64(0.8272700476646423), np.float64(0.8403036570549012), np.float64(0.8506810140609741), np.float64(0.8551208734512329), np.float64(0.8503301882743836), np.float64(0.8641568398475648), np.float64(0.8697169828414917), np.float64(0.8684021234512329), np.float64(0.8708107328414917), np.float64(0.8750943398475647), np.float64(0.8759935140609741), np.float64(0.8783755898475647), np.float64(0.8769428062438965), np.float64(0.8749380898475647), np.float64(0.8783755898475647), np.float64(0.8750294828414917), np.float64(0.8782193398475647), np.float64(0.8811880898475647), np.float64(0.8775029492378235), np.float64(0.8773466992378235), np.float64(0.8761232328414917), np.float64(0.8772169828414917), np.float64(0.8808755898475646), np.float64(0.880433373451233), np.float64(0.8791568398475647), np.float64(0.8824115562438964), np.float64(0.8817216992378235), np.float64(0.8828154492378235), np.float64(0.8814740562438965), np.float64(0.8836615562438965), np.float64(0.8845341992378235), np.float64(0.8844428062438965), np.float64(0.8833107328414918), np.float64(0.8813443398475647), np.float64(0.8822818398475647), np.float64(0.8835966992378235), np.float64(0.8827505898475647), np.float64(0.8823466992378235)]})
vocab: Vocab()
model: CNN(
  (embedding): Embedding(21587, 300, padding_idx=1)
  (convs): ModuleList(
    (0): Conv1d(300, 100, kernel_size=(3,), stride=(1,))
    (1): Conv1d(300, 100, kernel_size=(5,), stride=(1,))
    (2): Conv1d(300, 100, kernel_size=(7,), stride=(1,))
  )
  (fc): Linear(in_features=300, out_features=2, bias=True)
  (dropout): Dropout(p=0.3, inplace=False)
)
optimizer: Adam (
Parameter Group 0
    amsgrad: False
    betas: (0.9, 0.999)
    capturable: False
    differentiable: False
    eps: 1e-08
    foreach: None
    fused: None
    lr: 0.001
    maximize: False
    weight_decay: 0
)
criterion: CrossEntropyLoss()
device: cuda:1
special_tokens: ['<unk>', '<pad>']
unk_index: 0
pad_index: 1
vocab_size: 21587
output_dim: 2
