test_loss: 0.570, test_acc: 0.864
hyper-parameters: Namespace(max_length=256, test_size=0.25, min_freq=5, batch_size=256, embedding_dim=300, n_filters=100, filter_sizes=[3, 5, 7], dropout_rate=0.3, n_epochs=40, device='cuda:1')
metrics: defaultdict(<class 'list'>, {'train_losses': [np.float64(0.7030310606634295), np.float64(0.5276043374796171), np.float64(0.4402284952434334), np.float64(0.39388535997352087), np.float64(0.35556297185453206), np.float64(0.3130727535164034), np.float64(0.27570352361008926), np.float64(0.25566595732360275), np.float64(0.22727133253136197), np.float64(0.1961518369010977), np.float64(0.17525950899800738), np.float64(0.14786326734198108), np.float64(0.13004888372646795), np.float64(0.11158559602257367), np.float64(0.10116580279695021), np.float64(0.0844094577069218), np.float64(0.07130275012270824), np.float64(0.06725293564031253), np.float64(0.05899424244322487), np.float64(0.05265506059938186), np.float64(0.04619321108770531), np.float64(0.043838254805352236), np.float64(0.03809239167871105), np.float64(0.03290679275586798), np.float64(0.03484517205003146), np.float64(0.03018292987316444), np.float64(0.028806901700492646), np.float64(0.02642554120865424), np.float64(0.02870878852224229), np.float64(0.02908165752258454), np.float64(0.024807737756369484), np.float64(0.02261245308594929), np.float64(0.021701101056375616), np.float64(0.021831367177435675), np.float64(0.02083141980000545), np.float64(0.019457677265981566), np.float64(0.017062472937804822), np.float64(0.017373768005494936), np.float64(0.01965061261796871), np.float64(0.017062218066909024)], 'train_accs': [np.float64(0.6126290728916993), np.float64(0.7378555471832687), np.float64(0.7925106931377102), np.float64(0.8191886439516738), np.float64(0.8408194603146734), np.float64(0.8648972181049553), np.float64(0.8816171256271569), np.float64(0.8917182047624845), np.float64(0.9049354292250968), np.float64(0.9195046859818536), np.float64(0.9315810259935018), np.float64(0.942216787789319), np.float64(0.9485444362099106), np.float64(0.9571300124799883), np.float64(0.9620119736001298), np.float64(0.970062867209718), np.float64(0.9735996070745829), np.float64(0.9739163300475558), np.float64(0.9775518331978772), np.float64(0.9814648942367451), np.float64(0.9840054898648649), np.float64(0.9832664695945946), np.float64(0.9863672892789583), np.float64(0.9886831133752256), np.float64(0.987331081081081), np.float64(0.9893897804054054), np.float64(0.9901288006756757), np.float64(0.990544286128637), np.float64(0.9900760135135135), np.float64(0.9892246070745829), np.float64(0.9910125595492285), np.float64(0.9916068412162162), np.float64(0.9923458614864865), np.float64(0.9919695395070154), np.float64(0.9922930743243243), np.float64(0.9932960304054054), np.float64(0.993817090182691), np.float64(0.9940350506756757), np.float64(0.9937711148648649), np.float64(0.993823902027027)], 'valid_losses': [np.float64(0.5229236364364624), np.float64(0.4322557973861694), np.float64(0.4304286241531372), np.float64(0.3760735321044922), np.float64(0.35483439564704894), np.float64(0.35437640190124514), np.float64(0.341439346075058), np.float64(0.3396927928924561), np.float64(0.3380809843540192), np.float64(0.3362208700180054), np.float64(0.34392024397850035), np.float64(0.34759052872657775), np.float64(0.3533779495954514), np.float64(0.38223182201385497), np.float64(0.3962648618221283), np.float64(0.3918056946992874), np.float64(0.4067467987537384), np.float64(0.4069500923156738), np.float64(0.4479868245124817), np.float64(0.43202043294906617), np.float64(0.43380234599113465), np.float64(0.4360289430618286), np.float64(0.44623992681503294), np.float64(0.45494588851928713), np.float64(0.4630073308944702), np.float64(0.4703530240058899), np.float64(0.4841634500026703), np.float64(0.5063999927043915), np.float64(0.5129348063468933), np.float64(0.5054550278186798), np.float64(0.5131637787818909), np.float64(0.5211119902133942), np.float64(0.5518727254867554), np.float64(0.5465212500095368), np.float64(0.5507255494594574), np.float64(0.5600828659534455), np.float64(0.5590229105949401), np.float64(0.5778987336158753), np.float64(0.5774414908885955), np.float64(0.5855776929855346)], 'valid_accs': [np.float64(0.7377417469024659), np.float64(0.8025176882743835), np.float64(0.7934935140609741), np.float64(0.8275943398475647), np.float64(0.8416833734512329), np.float64(0.8443661570549011), np.float64(0.8512146234512329), np.float64(0.8511497640609741), np.float64(0.8580630898475647), np.float64(0.8619044828414917), np.float64(0.8575560140609741), np.float64(0.8637794828414918), np.float64(0.8660318398475647), np.float64(0.8641568398475648), np.float64(0.8605630898475647), np.float64(0.8648349070549011), np.float64(0.8611880898475647), np.float64(0.8672435140609741), np.float64(0.8585583734512329), np.float64(0.8641833734512329), np.float64(0.8704716992378235), np.float64(0.8675943398475647), np.float64(0.8684669828414917), np.float64(0.8683107328414917), np.float64(0.8679982328414917), np.float64(0.8673732328414917), np.float64(0.8676857328414918), np.float64(0.8629982328414917), np.float64(0.8615919828414917), np.float64(0.8628419828414917), np.float64(0.8658107328414917), np.float64(0.8673083734512329), np.float64(0.8629333734512329), np.float64(0.8666185140609741), np.float64(0.8678419828414917), np.float64(0.8652771234512329), np.float64(0.8664622640609742), np.float64(0.8652771234512329), np.float64(0.8643396234512329), np.float64(0.8667482328414917)]})
vocab: Vocab()
model: CNN(
  (embedding): Embedding(21521, 300, padding_idx=1)
  (convs): ModuleList(
    (0): Conv1d(300, 100, kernel_size=(3,), stride=(1,))
    (1): Conv1d(300, 100, kernel_size=(5,), stride=(1,))
    (2): Conv1d(300, 100, kernel_size=(7,), stride=(1,))
  )
  (fc): Linear(in_features=300, out_features=2, bias=True)
  (dropout): Dropout(p=0.3, inplace=False)
)
optimizer: Adam (
Parameter Group 0
    amsgrad: False
    betas: (0.9, 0.999)
    capturable: False
    differentiable: False
    eps: 1e-08
    foreach: None
    fused: None
    lr: 0.001
    maximize: False
    weight_decay: 0
)
criterion: CrossEntropyLoss()
device: cuda:1
special_tokens: ['<unk>', '<pad>']
unk_index: 0
pad_index: 1
vocab_size: 21521
output_dim: 2
