test_loss: 0.565, test_acc: 0.865
hyper-parameters: Namespace(max_length=256, test_size=0.25, min_freq=5, batch_size=256, embedding_dim=300, n_filters=100, filter_sizes=[3, 5, 7], dropout_rate=0.3, n_epochs=40, device='cuda:1')
metrics: defaultdict(<class 'list'>, {'train_losses': [np.float64(0.6801824835506646), np.float64(0.5083754151254087), np.float64(0.4400099628680461), np.float64(0.39398163194591934), np.float64(0.3517501185069213), np.float64(0.31432178858164195), np.float64(0.28047563759861766), np.float64(0.2535447017163844), np.float64(0.225314055342932), np.float64(0.20007453274887962), np.float64(0.17245203709682902), np.float64(0.1397626846021897), np.float64(0.13067230119093046), np.float64(0.10960949821448004), np.float64(0.0981132692682582), np.float64(0.08641098958213587), np.float64(0.07668351920673976), np.float64(0.0656217868263657), np.float64(0.06071510651727786), np.float64(0.052712386322988046), np.float64(0.048115325965792745), np.float64(0.04819369059358094), np.float64(0.040945392781616866), np.float64(0.03182241177136028), np.float64(0.03280524796227346), np.float64(0.03294761788502738), np.float64(0.02710711378352465), np.float64(0.0283223643043154), np.float64(0.0264650321395665), np.float64(0.0236843234003597), np.float64(0.023096975706819747), np.float64(0.02385867399012519), np.float64(0.022862540564273257), np.float64(0.020947478774532274), np.float64(0.020223643470278663), np.float64(0.018282440796217603), np.float64(0.01758652029407991), np.float64(0.01653580372284695), np.float64(0.01833800634218229), np.float64(0.01895257523535071)], 'train_accs': [np.float64(0.6226739593454309), np.float64(0.7488029228674399), np.float64(0.7901012148406055), np.float64(0.8185551980057278), np.float64(0.8419399108435657), np.float64(0.8643148565614546), np.float64(0.8798615271980698), np.float64(0.8927143498046978), np.float64(0.9076275744953671), np.float64(0.9175328298194988), np.float64(0.9277003181947244), np.float64(0.9459255120238742), np.float64(0.949778974861712), np.float64(0.958284519008688), np.float64(0.9619336442367451), np.float64(0.9665261273448532), np.float64(0.9714080884649947), np.float64(0.9769779854529613), np.float64(0.978706339726577), np.float64(0.9808314482907992), np.float64(0.9823163006756757), np.float64(0.9821579391891891), np.float64(0.9851140202702703), np.float64(0.9900623906303097), np.float64(0.9886967354529613), np.float64(0.9884396114864865), np.float64(0.9900692016691774), np.float64(0.9906566722972973), np.float64(0.9899704391891891), np.float64(0.9921347128378378), np.float64(0.9922930743243243), np.float64(0.9918111780205289), np.float64(0.9911181338735529), np.float64(0.9929265202702703), np.float64(0.9920819256756757), np.float64(0.9937183277027027), np.float64(0.9940878378378378), np.float64(0.9949324324324325), np.float64(0.9931308570745829), np.float64(0.9932432432432432)], 'valid_losses': [np.float64(0.4671136462688446), np.float64(0.43647991061210634), np.float64(0.3890735566616058), np.float64(0.36529269218444826), np.float64(0.347393057346344), np.float64(0.3367393028736114), np.float64(0.33187283873558043), np.float64(0.3308374762535095), np.float64(0.33293485522270205), np.float64(0.327029692530632), np.float64(0.32697934985160826), np.float64(0.3330417400598526), np.float64(0.33947515904903414), np.float64(0.34994912922382354), np.float64(0.3541793304681778), np.float64(0.3728379851579666), np.float64(0.37551808476448056), np.float64(0.3791209870576859), np.float64(0.39624019265174865), np.float64(0.3966962146759033), np.float64(0.40013171911239626), np.float64(0.4087922829389572), np.float64(0.41893504798412323), np.float64(0.42807038366794586), np.float64(0.43166704893112184), np.float64(0.4432126688957214), np.float64(0.4554876959323883), np.float64(0.46015132784843443), np.float64(0.4600278949737549), np.float64(0.4679327249526978), np.float64(0.47237809538841247), np.float64(0.4741121160984039), np.float64(0.4777649736404419), np.float64(0.49039491534233093), np.float64(0.4913912951946259), np.float64(0.4957408893108368), np.float64(0.5124205315113067), np.float64(0.5134384620189667), np.float64(0.530887610912323), np.float64(0.5338781523704529)], 'valid_accs': [np.float64(0.7794192218780518), np.float64(0.7944192218780518), np.float64(0.8191715812683106), np.float64(0.8303950476646423), np.float64(0.8435583734512329), np.float64(0.8494044828414917), np.float64(0.8559669828414918), np.float64(0.8589622640609741), np.float64(0.8614091992378234), np.float64(0.8657841992378235), np.float64(0.8689091992378235), np.float64(0.8727505898475647), np.float64(0.8729716992378235), np.float64(0.8719044828414917), np.float64(0.8756014156341553), np.float64(0.8723201656341553), np.float64(0.8743248820304871), np.float64(0.8721639156341553), np.float64(0.8727240562438965), np.float64(0.8733225250244141), np.float64(0.8765389156341553), np.float64(0.8753803062438965), np.float64(0.8754834914207459), np.float64(0.876824882030487), np.float64(0.8768514156341553), np.float64(0.8754186320304871), np.float64(0.8755748820304871), np.float64(0.8765123820304871), np.float64(0.8777623820304871), np.float64(0.8757959914207458), np.float64(0.8754451656341553), np.float64(0.8765389156341553), np.float64(0.8784787750244141), np.float64(0.8751709914207458), np.float64(0.8769811320304871), np.float64(0.877449882030487), np.float64(0.8747936320304871), np.float64(0.876916275024414), np.float64(0.875353775024414), np.float64(0.8748201656341553)]})
vocab: Vocab()
model: CNN(
  (embedding): Embedding(21544, 300, padding_idx=1)
  (convs): ModuleList(
    (0): Conv1d(300, 100, kernel_size=(3,), stride=(1,))
    (1): Conv1d(300, 100, kernel_size=(5,), stride=(1,))
    (2): Conv1d(300, 100, kernel_size=(7,), stride=(1,))
  )
  (fc): Linear(in_features=300, out_features=2, bias=True)
  (dropout): Dropout(p=0.3, inplace=False)
)
optimizer: Adam (
Parameter Group 0
    amsgrad: False
    betas: (0.9, 0.999)
    capturable: False
    differentiable: False
    eps: 1e-08
    foreach: None
    fused: None
    lr: 0.001
    maximize: False
    weight_decay: 0
)
criterion: CrossEntropyLoss()
device: cuda:1
special_tokens: ['<unk>', '<pad>']
unk_index: 0
pad_index: 1
vocab_size: 21544
output_dim: 2
